[0.200s] Invoking command in '/home/student5/robotics/ROS_experiments/dev_ws/src/my_package_py': PYTHONPATH=/home/student5/robotics/ROS_experiments/dev_ws/install/my_package_py/lib/python3.8/site-packages:${PYTHONPATH} /usr/bin/python3 setup.py egg_info --egg-base ../../build/my_package_py build --build-base /home/student5/robotics/ROS_experiments/dev_ws/build/my_package_py/build install --prefix /home/student5/robotics/ROS_experiments/dev_ws/install/my_package_py --record /home/student5/robotics/ROS_experiments/dev_ws/build/my_package_py/install.log --single-version-externally-managed
[0.371s] running egg_info
[0.372s] writing ../../build/my_package_py/my_package_py.egg-info/PKG-INFO
[0.372s] writing dependency_links to ../../build/my_package_py/my_package_py.egg-info/dependency_links.txt
[0.372s] writing entry points to ../../build/my_package_py/my_package_py.egg-info/entry_points.txt
[0.372s] writing requirements to ../../build/my_package_py/my_package_py.egg-info/requires.txt
[0.372s] writing top-level names to ../../build/my_package_py/my_package_py.egg-info/top_level.txt
[0.397s] reading manifest file '../../build/my_package_py/my_package_py.egg-info/SOURCES.txt'
[0.398s] writing manifest file '../../build/my_package_py/my_package_py.egg-info/SOURCES.txt'
[0.398s] running build
[0.398s] running build_py
[0.398s] running install
[0.398s] running install_lib
[0.399s] running install_data
[0.400s] copying package.xml -> /home/student5/robotics/ROS_experiments/dev_ws/install/my_package_py/share/my_package_py
[0.400s] running install_egg_info
[0.401s] removing '/home/student5/robotics/ROS_experiments/dev_ws/install/my_package_py/lib/python3.8/site-packages/my_package_py-0.0.0-py3.8.egg-info' (and everything under it)
[0.401s] Copying ../../build/my_package_py/my_package_py.egg-info to /home/student5/robotics/ROS_experiments/dev_ws/install/my_package_py/lib/python3.8/site-packages/my_package_py-0.0.0-py3.8.egg-info
[0.402s] running install_scripts
[0.414s] Installing my_node_py script to /home/student5/robotics/ROS_experiments/dev_ws/install/my_package_py/lib/my_package_py
[0.414s] writing list of installed files to '/home/student5/robotics/ROS_experiments/dev_ws/build/my_package_py/install.log'
[0.429s] Invoked command in '/home/student5/robotics/ROS_experiments/dev_ws/src/my_package_py' returned '0': PYTHONPATH=/home/student5/robotics/ROS_experiments/dev_ws/install/my_package_py/lib/python3.8/site-packages:${PYTHONPATH} /usr/bin/python3 setup.py egg_info --egg-base ../../build/my_package_py build --build-base /home/student5/robotics/ROS_experiments/dev_ws/build/my_package_py/build install --prefix /home/student5/robotics/ROS_experiments/dev_ws/install/my_package_py --record /home/student5/robotics/ROS_experiments/dev_ws/build/my_package_py/install.log --single-version-externally-managed
