[0.009s] Invoking command in '/home/student5/robotics/ROS_experiments/dev_ws/build/turtlesim': CMAKE_PREFIX_PATH=/opt/ros/galactic /usr/bin/cmake /home/student5/robotics/ROS_experiments/dev_ws/src/ros_tutorials/turtlesim -DCMAKE_INSTALL_PREFIX=/home/student5/robotics/ROS_experiments/dev_ws/install/turtlesim
[0.370s] -- The C compiler identification is GNU 9.3.0
[0.651s] -- The CXX compiler identification is GNU 9.3.0
[0.659s] -- Check for working C compiler: /usr/bin/cc
[0.812s] -- Check for working C compiler: /usr/bin/cc -- works
[0.815s] -- Detecting C compiler ABI info
[0.921s] -- Detecting C compiler ABI info - done
[0.939s] -- Detecting C compile features
[0.940s] -- Detecting C compile features - done
[0.944s] -- Check for working CXX compiler: /usr/bin/c++
[1.001s] -- Check for working CXX compiler: /usr/bin/c++ -- works
[1.002s] -- Detecting CXX compiler ABI info
[1.068s] -- Detecting CXX compiler ABI info - done
[1.080s] -- Detecting CXX compile features
[1.081s] -- Detecting CXX compile features - done
[1.083s] -- Found ament_cmake: 1.1.4 (/opt/ros/galactic/share/ament_cmake/cmake)
[1.101s] -- Found PythonInterp: /usr/bin/python3 (found suitable version "3.8.10", minimum required is "3") 
[1.101s] -- Using PYTHON_EXECUTABLE: /usr/bin/python3
[1.153s] -- Found ament_index_cpp: 1.2.0 (/opt/ros/galactic/share/ament_index_cpp/cmake)
[1.155s] -- Found geometry_msgs: 2.2.3 (/opt/ros/galactic/share/geometry_msgs/cmake)
[1.174s] -- Using all available rosidl_typesupport_c: rosidl_typesupport_fastrtps_c;rosidl_typesupport_introspection_c
[1.178s] -- Found rosidl_adapter: 2.2.1 (/opt/ros/galactic/share/rosidl_adapter/cmake)
[1.231s] -- Found OpenSSL: /usr/lib/x86_64-linux-gnu/libcrypto.so (found version "1.1.1f")  
[1.252s] -- Found FastRTPS: /opt/ros/galactic/include  
[1.306s] -- Using all available rosidl_typesupport_cpp: rosidl_typesupport_fastrtps_cpp;rosidl_typesupport_introspection_cpp
[1.404s] -- Found rclcpp: 9.1.0 (/opt/ros/galactic/share/rclcpp/cmake)
[1.457s] -- Found rmw_implementation_cmake: 3.3.1 (/opt/ros/galactic/share/rmw_implementation_cmake/cmake)
[1.458s] -- Found rmw_cyclonedds_cpp: 0.22.3 (/opt/ros/galactic/share/rmw_cyclonedds_cpp/cmake)
[1.474s] -- Using RMW implementation 'rmw_cyclonedds_cpp' as default
[1.476s] -- Looking for pthread.h
[1.532s] -- Looking for pthread.h - found
[1.533s] -- Performing Test CMAKE_HAVE_LIBC_PTHREAD
[1.583s] -- Performing Test CMAKE_HAVE_LIBC_PTHREAD - Failed
[1.584s] -- Looking for pthread_create in pthreads
[1.628s] -- Looking for pthread_create in pthreads - not found
[1.628s] -- Looking for pthread_create in pthread
[1.698s] -- Looking for pthread_create in pthread - found
[1.700s] -- Found Threads: TRUE  
[1.812s] -- Found rclcpp_action: 9.1.0 (/opt/ros/galactic/share/rclcpp_action/cmake)
[1.869s] -- Found rosidl_default_generators: 1.1.1 (/opt/ros/galactic/share/rosidl_default_generators/cmake)
[1.877s] -- Found std_srvs: 2.2.3 (/opt/ros/galactic/share/std_srvs/cmake)
[1.899s] -- Found PythonInterp: /usr/bin/python3 (found version "3.8.10") 
[2.026s] -- Found ament_cmake_ros: 0.9.2 (/opt/ros/galactic/share/ament_cmake_ros/cmake)
[2.115s] -- Using all available rosidl_typesupport_c: rosidl_typesupport_fastrtps_c;rosidl_typesupport_introspection_c
[2.133s] -- Using all available rosidl_typesupport_cpp: rosidl_typesupport_fastrtps_cpp;rosidl_typesupport_introspection_cpp
[2.151s] -- Found PythonInterp: /usr/bin/python3 (found suitable version "3.8.10", minimum required is "3.5") 
[2.151s] -- Found python_cmake_module: 0.8.1 (/opt/ros/galactic/share/python_cmake_module/cmake)
[2.172s] -- Found PythonLibs: /usr/lib/x86_64-linux-gnu/libpython3.8.so (found suitable version "3.8.10", minimum required is "3.5") 
[2.172s] -- Using PYTHON_EXECUTABLE: /usr/bin/python3
[2.172s] -- Using PYTHON_INCLUDE_DIRS: /usr/include/python3.8
[2.172s] -- Using PYTHON_LIBRARIES: /usr/lib/x86_64-linux-gnu/libpython3.8.so
[2.187s] -- Found PythonExtra: .so  
[2.235s] -- Configuring done
[2.295s] -- Generating done
[2.298s] -- Build files have been written to: /home/student5/robotics/ROS_experiments/dev_ws/build/turtlesim
[2.305s] Invoked command in '/home/student5/robotics/ROS_experiments/dev_ws/build/turtlesim' returned '0': CMAKE_PREFIX_PATH=/opt/ros/galactic /usr/bin/cmake /home/student5/robotics/ROS_experiments/dev_ws/src/ros_tutorials/turtlesim -DCMAKE_INSTALL_PREFIX=/home/student5/robotics/ROS_experiments/dev_ws/install/turtlesim
[2.307s] Invoking command in '/home/student5/robotics/ROS_experiments/dev_ws/build/turtlesim': CMAKE_PREFIX_PATH=/opt/ros/galactic /usr/bin/cmake --build /home/student5/robotics/ROS_experiments/dev_ws/build/turtlesim -- -j12 -l12
[2.336s] [  1%] [34m[1mGenerating C code for ROS interfaces[0m
[2.336s] [35m[1mScanning dependencies of target turtlesim__cpp[0m
[2.343s] [  2%] [34m[1mGenerating C++ code for ROS interfaces[0m
[2.920s] [35m[1mScanning dependencies of target turtlesim__rosidl_generator_c[0m
[2.944s] [  3%] [32mBuilding C object CMakeFiles/turtlesim__rosidl_generator_c.dir/rosidl_generator_c/turtlesim/action/detail/rotate_absolute__functions.c.o[0m
[2.944s] [  4%] [32mBuilding C object CMakeFiles/turtlesim__rosidl_generator_c.dir/rosidl_generator_c/turtlesim/msg/detail/pose__functions.c.o[0m
[2.944s] [  5%] [32mBuilding C object CMakeFiles/turtlesim__rosidl_generator_c.dir/rosidl_generator_c/turtlesim/msg/detail/color__functions.c.o[0m
[2.946s] [  6%] [32mBuilding C object CMakeFiles/turtlesim__rosidl_generator_c.dir/rosidl_generator_c/turtlesim/srv/detail/kill__functions.c.o[0m
[2.950s] [  7%] [32mBuilding C object CMakeFiles/turtlesim__rosidl_generator_c.dir/rosidl_generator_c/turtlesim/srv/detail/set_pen__functions.c.o[0m
[2.951s] [  8%] [32mBuilding C object CMakeFiles/turtlesim__rosidl_generator_c.dir/rosidl_generator_c/turtlesim/srv/detail/spawn__functions.c.o[0m
[2.951s] [  9%] [32mBuilding C object CMakeFiles/turtlesim__rosidl_generator_c.dir/rosidl_generator_c/turtlesim/srv/detail/teleport_absolute__functions.c.o[0m
[2.952s] [ 10%] [32mBuilding C object CMakeFiles/turtlesim__rosidl_generator_c.dir/rosidl_generator_c/turtlesim/srv/detail/teleport_relative__functions.c.o[0m
[2.960s] [ 10%] Built target turtlesim__cpp
[2.968s] [ 11%] [34m[1mGenerating C++ type support for eProsima Fast-RTPS[0m
[2.969s] [ 12%] [34m[1mGenerating C++ type support dispatch for ROS interfaces[0m
[2.969s] [ 13%] [34m[1mGenerating C++ introspection for ROS interfaces[0m
[3.022s] [ 14%] [32m[1mLinking C shared library libturtlesim__rosidl_generator_c.so[0m
[3.050s] [ 14%] Built target turtlesim__rosidl_generator_c
[3.058s] [ 16%] [34m[1mGenerating C type support dispatch for ROS interfaces[0m
[3.058s] [ 16%] [34m[1mGenerating C introspection for ROS interfaces[0m
[3.339s] [35m[1mScanning dependencies of target turtlesim__rosidl_typesupport_cpp[0m
[3.353s] [ 17%] [32mBuilding CXX object CMakeFiles/turtlesim__rosidl_typesupport_cpp.dir/rosidl_typesupport_cpp/turtlesim/srv/set_pen__type_support.cpp.o[0m
[3.354s] [ 20%] [32mBuilding CXX object CMakeFiles/turtlesim__rosidl_typesupport_cpp.dir/rosidl_typesupport_cpp/turtlesim/srv/kill__type_support.cpp.o[0m
[3.355s] [ 20%] [32mBuilding CXX object CMakeFiles/turtlesim__rosidl_typesupport_cpp.dir/rosidl_typesupport_cpp/turtlesim/msg/pose__type_support.cpp.o[0m
[3.355s] [ 20%] [32mBuilding CXX object CMakeFiles/turtlesim__rosidl_typesupport_cpp.dir/rosidl_typesupport_cpp/turtlesim/action/rotate_absolute__type_support.cpp.o[0m
[3.355s] [ 21%] [32mBuilding CXX object CMakeFiles/turtlesim__rosidl_typesupport_cpp.dir/rosidl_typesupport_cpp/turtlesim/srv/teleport_absolute__type_support.cpp.o[0m
[3.355s] [ 22%] [32mBuilding CXX object CMakeFiles/turtlesim__rosidl_typesupport_cpp.dir/rosidl_typesupport_cpp/turtlesim/srv/spawn__type_support.cpp.o[0m
[3.358s] [ 23%] [32mBuilding CXX object CMakeFiles/turtlesim__rosidl_typesupport_cpp.dir/rosidl_typesupport_cpp/turtlesim/srv/teleport_relative__type_support.cpp.o[0m
[3.361s] [ 24%] [32mBuilding CXX object CMakeFiles/turtlesim__rosidl_typesupport_cpp.dir/rosidl_typesupport_cpp/turtlesim/msg/color__type_support.cpp.o[0m
[3.492s] [35m[1mScanning dependencies of target turtlesim__rosidl_typesupport_c[0m
[3.511s] [ 25%] [32mBuilding CXX object CMakeFiles/turtlesim__rosidl_typesupport_c.dir/rosidl_typesupport_c/turtlesim/action/rotate_absolute__type_support.cpp.o[0m
[3.578s] [ 26%] [32mBuilding CXX object CMakeFiles/turtlesim__rosidl_typesupport_c.dir/rosidl_typesupport_c/turtlesim/msg/color__type_support.cpp.o[0m
[3.615s] [ 27%] [32mBuilding CXX object CMakeFiles/turtlesim__rosidl_typesupport_c.dir/rosidl_typesupport_c/turtlesim/msg/pose__type_support.cpp.o[0m
[3.649s] [ 28%] [32mBuilding CXX object CMakeFiles/turtlesim__rosidl_typesupport_c.dir/rosidl_typesupport_c/turtlesim/srv/kill__type_support.cpp.o[0m
[3.655s] [35m[1mScanning dependencies of target turtlesim__rosidl_typesupport_introspection_cpp[0m
[3.686s] [ 29%] [32mBuilding CXX object CMakeFiles/turtlesim__rosidl_typesupport_c.dir/rosidl_typesupport_c/turtlesim/srv/set_pen__type_support.cpp.o[0m
[3.687s] [ 30%] [32mBuilding CXX object CMakeFiles/turtlesim__rosidl_typesupport_introspection_cpp.dir/rosidl_typesupport_introspection_cpp/turtlesim/action/detail/rotate_absolute__type_support.cpp.o[0m
[3.721s] [ 31%] [32mBuilding CXX object CMakeFiles/turtlesim__rosidl_typesupport_c.dir/rosidl_typesupport_c/turtlesim/srv/spawn__type_support.cpp.o[0m
[3.728s] [ 32%] [32mBuilding CXX object CMakeFiles/turtlesim__rosidl_typesupport_c.dir/rosidl_typesupport_c/turtlesim/srv/teleport_absolute__type_support.cpp.o[0m
[3.740s] [ 33%] [32mBuilding CXX object CMakeFiles/turtlesim__rosidl_typesupport_c.dir/rosidl_typesupport_c/turtlesim/srv/teleport_relative__type_support.cpp.o[0m
[3.748s] [ 34%] [32mBuilding CXX object CMakeFiles/turtlesim__rosidl_typesupport_introspection_cpp.dir/rosidl_typesupport_introspection_cpp/turtlesim/msg/detail/color__type_support.cpp.o[0m
[3.752s] [ 35%] [32mBuilding CXX object CMakeFiles/turtlesim__rosidl_typesupport_introspection_cpp.dir/rosidl_typesupport_introspection_cpp/turtlesim/msg/detail/pose__type_support.cpp.o[0m
[3.774s] [ 36%] [32m[1mLinking CXX shared library libturtlesim__rosidl_typesupport_c.so[0m
[3.774s] [ 38%] [32mBuilding CXX object CMakeFiles/turtlesim__rosidl_typesupport_introspection_cpp.dir/rosidl_typesupport_introspection_cpp/turtlesim/srv/detail/kill__type_support.cpp.o[0m
[3.774s] [ 38%] [32mBuilding CXX object CMakeFiles/turtlesim__rosidl_typesupport_introspection_cpp.dir/rosidl_typesupport_introspection_cpp/turtlesim/srv/detail/set_pen__type_support.cpp.o[0m
[3.780s] [35m[1mScanning dependencies of target turtlesim__rosidl_typesupport_introspection_c[0m
[3.784s] [ 39%] [32mBuilding CXX object CMakeFiles/turtlesim__rosidl_typesupport_introspection_cpp.dir/rosidl_typesupport_introspection_cpp/turtlesim/srv/detail/spawn__type_support.cpp.o[0m
[3.802s] [ 40%] [32mBuilding C object CMakeFiles/turtlesim__rosidl_typesupport_introspection_c.dir/rosidl_typesupport_introspection_c/turtlesim/action/detail/rotate_absolute__type_support.c.o[0m
[3.802s] [ 41%] [32mBuilding C object CMakeFiles/turtlesim__rosidl_typesupport_introspection_c.dir/rosidl_typesupport_introspection_c/turtlesim/msg/detail/color__type_support.c.o[0m
[3.826s] [ 41%] Built target turtlesim__rosidl_typesupport_c
[3.826s] [ 42%] [32mBuilding C object CMakeFiles/turtlesim__rosidl_typesupport_introspection_c.dir/rosidl_typesupport_introspection_c/turtlesim/msg/detail/pose__type_support.c.o[0m
[3.826s] [35m[1mScanning dependencies of target turtlesim__rosidl_typesupport_fastrtps_cpp[0m
[3.834s] [ 43%] [32mBuilding C object CMakeFiles/turtlesim__rosidl_typesupport_introspection_c.dir/rosidl_typesupport_introspection_c/turtlesim/srv/detail/kill__type_support.c.o[0m
[3.838s] [ 44%] [32mBuilding C object CMakeFiles/turtlesim__rosidl_typesupport_introspection_c.dir/rosidl_typesupport_introspection_c/turtlesim/srv/detail/set_pen__type_support.c.o[0m
[3.851s] [ 45%] [32mBuilding C object CMakeFiles/turtlesim__rosidl_typesupport_introspection_c.dir/rosidl_typesupport_introspection_c/turtlesim/srv/detail/spawn__type_support.c.o[0m
[3.859s] [ 46%] [32mBuilding CXX object CMakeFiles/turtlesim__rosidl_typesupport_fastrtps_cpp.dir/rosidl_typesupport_fastrtps_cpp/turtlesim/action/detail/dds_fastrtps/rotate_absolute__type_support.cpp.o[0m
[3.868s] [ 47%] [32mBuilding C object CMakeFiles/turtlesim__rosidl_typesupport_introspection_c.dir/rosidl_typesupport_introspection_c/turtlesim/srv/detail/teleport_absolute__type_support.c.o[0m
[3.879s] [ 48%] [32mBuilding C object CMakeFiles/turtlesim__rosidl_typesupport_introspection_c.dir/rosidl_typesupport_introspection_c/turtlesim/srv/detail/teleport_relative__type_support.c.o[0m
[3.884s] [ 49%] [32mBuilding CXX object CMakeFiles/turtlesim__rosidl_typesupport_fastrtps_cpp.dir/rosidl_typesupport_fastrtps_cpp/turtlesim/msg/detail/dds_fastrtps/color__type_support.cpp.o[0m
[3.909s] [ 50%] [32mBuilding CXX object CMakeFiles/turtlesim__rosidl_typesupport_introspection_cpp.dir/rosidl_typesupport_introspection_cpp/turtlesim/srv/detail/teleport_absolute__type_support.cpp.o[0m
[3.913s] [ 51%] [32mBuilding CXX object CMakeFiles/turtlesim__rosidl_typesupport_fastrtps_cpp.dir/rosidl_typesupport_fastrtps_cpp/turtlesim/msg/detail/dds_fastrtps/pose__type_support.cpp.o[0m
[3.928s] [ 52%] [32m[1mLinking C shared library libturtlesim__rosidl_typesupport_introspection_c.so[0m
[3.994s] [ 52%] Built target turtlesim__rosidl_typesupport_introspection_c
[4.002s] [ 53%] [32mBuilding CXX object CMakeFiles/turtlesim__rosidl_typesupport_fastrtps_cpp.dir/rosidl_typesupport_fastrtps_cpp/turtlesim/srv/detail/dds_fastrtps/kill__type_support.cpp.o[0m
[4.074s] [ 54%] [32m[1mLinking CXX shared library libturtlesim__rosidl_typesupport_cpp.so[0m
[4.118s] [ 55%] [32mBuilding CXX object CMakeFiles/turtlesim__rosidl_typesupport_introspection_cpp.dir/rosidl_typesupport_introspection_cpp/turtlesim/srv/detail/teleport_relative__type_support.cpp.o[0m
[4.122s] [ 56%] [32mBuilding CXX object CMakeFiles/turtlesim__rosidl_typesupport_fastrtps_cpp.dir/rosidl_typesupport_fastrtps_cpp/turtlesim/srv/detail/dds_fastrtps/set_pen__type_support.cpp.o[0m
[4.123s] [ 56%] Built target turtlesim__rosidl_typesupport_cpp
[4.134s] [ 57%] [32mBuilding CXX object CMakeFiles/turtlesim__rosidl_typesupport_fastrtps_cpp.dir/rosidl_typesupport_fastrtps_cpp/turtlesim/srv/detail/dds_fastrtps/spawn__type_support.cpp.o[0m
[4.138s] [ 58%] [32mBuilding CXX object CMakeFiles/turtlesim__rosidl_typesupport_fastrtps_cpp.dir/rosidl_typesupport_fastrtps_cpp/turtlesim/srv/detail/dds_fastrtps/teleport_absolute__type_support.cpp.o[0m
[4.149s] [ 59%] [32mBuilding CXX object CMakeFiles/turtlesim__rosidl_typesupport_fastrtps_cpp.dir/rosidl_typesupport_fastrtps_cpp/turtlesim/srv/detail/dds_fastrtps/teleport_relative__type_support.cpp.o[0m
[4.357s] [ 60%] [32m[1mLinking CXX shared library libturtlesim__rosidl_typesupport_introspection_cpp.so[0m
[4.422s] [ 60%] Built target turtlesim__rosidl_typesupport_introspection_cpp
[4.598s] [ 61%] [32m[1mLinking CXX shared library libturtlesim__rosidl_typesupport_fastrtps_cpp.so[0m
[4.658s] [ 61%] Built target turtlesim__rosidl_typesupport_fastrtps_cpp
[4.665s] [ 62%] [34m[1mGenerating C type support for eProsima Fast-RTPS[0m
[5.169s] [35m[1mScanning dependencies of target turtlesim__rosidl_typesupport_fastrtps_c[0m
[5.191s] [ 65%] [32mBuilding CXX object CMakeFiles/turtlesim__rosidl_typesupport_fastrtps_c.dir/rosidl_typesupport_fastrtps_c/turtlesim/action/detail/rotate_absolute__type_support_c.cpp.o[0m
[5.191s] [ 65%] [32mBuilding CXX object CMakeFiles/turtlesim__rosidl_typesupport_fastrtps_c.dir/rosidl_typesupport_fastrtps_c/turtlesim/srv/detail/set_pen__type_support_c.cpp.o[0m
[5.191s] [ 65%] [32mBuilding CXX object CMakeFiles/turtlesim__rosidl_typesupport_fastrtps_c.dir/rosidl_typesupport_fastrtps_c/turtlesim/msg/detail/color__type_support_c.cpp.o[0m
[5.192s] [ 66%] [32mBuilding CXX object CMakeFiles/turtlesim__rosidl_typesupport_fastrtps_c.dir/rosidl_typesupport_fastrtps_c/turtlesim/srv/detail/kill__type_support_c.cpp.o[0m
[5.192s] [ 67%] [32mBuilding CXX object CMakeFiles/turtlesim__rosidl_typesupport_fastrtps_c.dir/rosidl_typesupport_fastrtps_c/turtlesim/msg/detail/pose__type_support_c.cpp.o[0m
[5.193s] [ 68%] [32mBuilding CXX object CMakeFiles/turtlesim__rosidl_typesupport_fastrtps_c.dir/rosidl_typesupport_fastrtps_c/turtlesim/srv/detail/spawn__type_support_c.cpp.o[0m
[5.193s] [ 69%] [32mBuilding CXX object CMakeFiles/turtlesim__rosidl_typesupport_fastrtps_c.dir/rosidl_typesupport_fastrtps_c/turtlesim/srv/detail/teleport_relative__type_support_c.cpp.o[0m
[5.193s] [ 70%] [32mBuilding CXX object CMakeFiles/turtlesim__rosidl_typesupport_fastrtps_c.dir/rosidl_typesupport_fastrtps_c/turtlesim/srv/detail/teleport_absolute__type_support_c.cpp.o[0m
[5.601s] [ 71%] [32m[1mLinking CXX shared library libturtlesim__rosidl_typesupport_fastrtps_c.so[0m
[5.661s] [ 71%] Built target turtlesim__rosidl_typesupport_fastrtps_c
[5.668s] [35m[1mScanning dependencies of target turtlesim[0m
[5.675s] [ 71%] Built target turtlesim
[5.682s] [ 72%] [34m[1mGenerating include/turtlesim/moc_turtle_frame.cpp[0m
[5.682s] [35m[1mScanning dependencies of target draw_square[0m
[5.682s] [35m[1mScanning dependencies of target mimic[0m
[5.682s] [35m[1mScanning dependencies of target turtle_teleop_key[0m
[5.682s] [35m[1mScanning dependencies of target turtlesim__py[0m
[5.689s] [ 73%] [34m[1mGenerating Python code for ROS interfaces[0m
[5.713s] [ 75%] [32mBuilding CXX object CMakeFiles/draw_square.dir/tutorials/draw_square.cpp.o[0m
[5.713s] [ 75%] [32mBuilding CXX object CMakeFiles/mimic.dir/tutorials/mimic.cpp.o[0m
[5.716s] [ 76%] [32mBuilding CXX object CMakeFiles/turtle_teleop_key.dir/tutorials/teleop_turtle_key.cpp.o[0m
[5.766s] [35m[1mScanning dependencies of target turtlesim_node[0m
[5.831s] [ 77%] [32mBuilding CXX object CMakeFiles/turtlesim_node.dir/src/turtlesim.cpp.o[0m
[5.833s] [ 78%] [32mBuilding CXX object CMakeFiles/turtlesim_node.dir/src/turtle.cpp.o[0m
[5.834s] [ 79%] [32mBuilding CXX object CMakeFiles/turtlesim_node.dir/src/turtle_frame.cpp.o[0m
[5.834s] [ 80%] [32mBuilding CXX object CMakeFiles/turtlesim_node.dir/include/turtlesim/moc_turtle_frame.cpp.o[0m
[8.059s] [ 80%] Built target turtlesim__py
[8.071s] [35m[1mScanning dependencies of target turtlesim__python[0m
[8.138s] [ 84%] [32mBuilding C object CMakeFiles/turtlesim__python.dir/rosidl_generator_py/turtlesim/action/_rotate_absolute_s.c.o[0m
[8.141s] [ 85%] [32mBuilding C object CMakeFiles/turtlesim__python.dir/rosidl_generator_py/turtlesim/srv/_kill_s.c.o[0m
[8.142s] [ 84%] [32mBuilding C object CMakeFiles/turtlesim__python.dir/rosidl_generator_py/turtlesim/msg/_pose_s.c.o[0m
[8.144s] [ 84%] [32mBuilding C object CMakeFiles/turtlesim__python.dir/rosidl_generator_py/turtlesim/msg/_color_s.c.o[0m
[8.144s] [ 84%] [32mBuilding C object CMakeFiles/turtlesim__python.dir/rosidl_generator_py/turtlesim/srv/_set_pen_s.c.o[0m
[8.303s] [ 87%] [32mBuilding C object CMakeFiles/turtlesim__python.dir/rosidl_generator_py/turtlesim/srv/_teleport_relative_s.c.o[0m
[8.303s] [ 87%] [32mBuilding C object CMakeFiles/turtlesim__python.dir/rosidl_generator_py/turtlesim/srv/_teleport_absolute_s.c.o[0m
[8.306s] [ 88%] [32mBuilding C object CMakeFiles/turtlesim__python.dir/rosidl_generator_py/turtlesim/srv/_spawn_s.c.o[0m
[8.422s] [ 89%] [32m[1mLinking C shared library rosidl_generator_py/turtlesim/libturtlesim__python.so[0m
[8.457s] [ 89%] Built target turtlesim__python
[8.465s] [35m[1mScanning dependencies of target turtlesim__rosidl_typesupport_c__pyext[0m
[8.467s] [35m[1mScanning dependencies of target turtlesim__rosidl_typesupport_fastrtps_c__pyext[0m
[8.467s] [35m[1mScanning dependencies of target turtlesim__rosidl_typesupport_introspection_c__pyext[0m
[8.483s] [ 90%] [32mBuilding C object CMakeFiles/turtlesim__rosidl_typesupport_c__pyext.dir/rosidl_generator_py/turtlesim/_turtlesim_s.ep.rosidl_typesupport_c.c.o[0m
[8.494s] [ 91%] [32mBuilding C object CMakeFiles/turtlesim__rosidl_typesupport_introspection_c__pyext.dir/rosidl_generator_py/turtlesim/_turtlesim_s.ep.rosidl_typesupport_introspection_c.c.o[0m
[8.494s] [ 92%] [32mBuilding C object CMakeFiles/turtlesim__rosidl_typesupport_fastrtps_c__pyext.dir/rosidl_generator_py/turtlesim/_turtlesim_s.ep.rosidl_typesupport_fastrtps_c.c.o[0m
[8.621s] [ 93%] [32m[1mLinking CXX shared library rosidl_generator_py/turtlesim/turtlesim_s__rosidl_typesupport_fastrtps_c.cpython-38-x86_64-linux-gnu.so[0m
[8.652s] [ 94%] [32m[1mLinking C shared library rosidl_generator_py/turtlesim/turtlesim_s__rosidl_typesupport_c.cpython-38-x86_64-linux-gnu.so[0m
[8.673s] [ 95%] [32m[1mLinking C shared library rosidl_generator_py/turtlesim/turtlesim_s__rosidl_typesupport_introspection_c.cpython-38-x86_64-linux-gnu.so[0m
[8.687s] [ 95%] Built target turtlesim__rosidl_typesupport_fastrtps_c__pyext
[8.692s] [ 95%] Built target turtlesim__rosidl_typesupport_c__pyext
[8.706s] [ 95%] Built target turtlesim__rosidl_typesupport_introspection_c__pyext
[9.990s] [ 96%] [32m[1mLinking CXX executable turtle_teleop_key[0m
[10.185s] [ 96%] Built target turtle_teleop_key
[12.351s] [ 97%] [32m[1mLinking CXX executable draw_square[0m
[12.618s] [ 97%] Built target draw_square
[12.752s] [ 98%] [32m[1mLinking CXX executable mimic[0m
[12.986s] [ 98%] Built target mimic
[14.762s] [100%] [32m[1mLinking CXX executable turtlesim_node[0m
[15.856s] [100%] Built target turtlesim_node
[15.864s] Invoked command in '/home/student5/robotics/ROS_experiments/dev_ws/build/turtlesim' returned '0': CMAKE_PREFIX_PATH=/opt/ros/galactic /usr/bin/cmake --build /home/student5/robotics/ROS_experiments/dev_ws/build/turtlesim -- -j12 -l12
[15.956s] Invoking command in '/home/student5/robotics/ROS_experiments/dev_ws/build/turtlesim': CMAKE_PREFIX_PATH=/opt/ros/galactic /usr/bin/cmake --install /home/student5/robotics/ROS_experiments/dev_ws/build/turtlesim
[15.963s] -- Install configuration: ""
[15.963s] -- Installing: /home/student5/robotics/ROS_experiments/dev_ws/install/turtlesim/share/ament_index/resource_index/rosidl_interfaces/turtlesim
[15.963s] -- Installing: /home/student5/robotics/ROS_experiments/dev_ws/install/turtlesim/include/turtlesim
[15.963s] -- Installing: /home/student5/robotics/ROS_experiments/dev_ws/install/turtlesim/include/turtlesim/msg
[15.963s] -- Installing: /home/student5/robotics/ROS_experiments/dev_ws/install/turtlesim/include/turtlesim/msg/pose.h
[15.963s] -- Installing: /home/student5/robotics/ROS_experiments/dev_ws/install/turtlesim/include/turtlesim/msg/rosidl_generator_c__visibility_control.h
[15.963s] -- Installing: /home/student5/robotics/ROS_experiments/dev_ws/install/turtlesim/include/turtlesim/msg/detail
[15.964s] -- Installing: /home/student5/robotics/ROS_experiments/dev_ws/install/turtlesim/include/turtlesim/msg/detail/pose__type_support.h
[15.964s] -- Installing: /home/student5/robotics/ROS_experiments/dev_ws/install/turtlesim/include/turtlesim/msg/detail/color__type_support.h
[15.964s] -- Installing: /home/student5/robotics/ROS_experiments/dev_ws/install/turtlesim/include/turtlesim/msg/detail/color__functions.h
[15.964s] -- Installing: /home/student5/robotics/ROS_experiments/dev_ws/install/turtlesim/include/turtlesim/msg/detail/pose__struct.h
[15.964s] -- Installing: /home/student5/robotics/ROS_experiments/dev_ws/install/turtlesim/include/turtlesim/msg/detail/color__struct.h
[15.964s] -- Installing: /home/student5/robotics/ROS_experiments/dev_ws/install/turtlesim/include/turtlesim/msg/detail/color__functions.c
[15.964s] -- Installing: /home/student5/robotics/ROS_experiments/dev_ws/install/turtlesim/include/turtlesim/msg/detail/pose__functions.h
[15.964s] -- Installing: /home/student5/robotics/ROS_experiments/dev_ws/install/turtlesim/include/turtlesim/msg/detail/pose__functions.c
[15.964s] -- Installing: /home/student5/robotics/ROS_experiments/dev_ws/install/turtlesim/include/turtlesim/msg/color.h
[15.964s] -- Installing: /home/student5/robotics/ROS_experiments/dev_ws/install/turtlesim/include/turtlesim/srv
[15.964s] -- Installing: /home/student5/robotics/ROS_experiments/dev_ws/install/turtlesim/include/turtlesim/srv/set_pen.h
[15.964s] -- Installing: /home/student5/robotics/ROS_experiments/dev_ws/install/turtlesim/include/turtlesim/srv/kill.h
[15.964s] -- Installing: /home/student5/robotics/ROS_experiments/dev_ws/install/turtlesim/include/turtlesim/srv/teleport_absolute.h
[15.964s] -- Installing: /home/student5/robotics/ROS_experiments/dev_ws/install/turtlesim/include/turtlesim/srv/teleport_relative.h
[15.964s] -- Installing: /home/student5/robotics/ROS_experiments/dev_ws/install/turtlesim/include/turtlesim/srv/detail
[15.964s] -- Installing: /home/student5/robotics/ROS_experiments/dev_ws/install/turtlesim/include/turtlesim/srv/detail/set_pen__struct.h
[15.965s] -- Installing: /home/student5/robotics/ROS_experiments/dev_ws/install/turtlesim/include/turtlesim/srv/detail/kill__type_support.h
[15.965s] -- Installing: /home/student5/robotics/ROS_experiments/dev_ws/install/turtlesim/include/turtlesim/srv/detail/teleport_relative__functions.h
[15.965s] -- Installing: /home/student5/robotics/ROS_experiments/dev_ws/install/turtlesim/include/turtlesim/srv/detail/set_pen__functions.c
[15.965s] -- Installing: /home/student5/robotics/ROS_experiments/dev_ws/install/turtlesim/include/turtlesim/srv/detail/teleport_absolute__functions.h
[15.965s] -- Installing: /home/student5/robotics/ROS_experiments/dev_ws/install/turtlesim/include/turtlesim/srv/detail/teleport_relative__type_support.h
[15.965s] -- Installing: /home/student5/robotics/ROS_experiments/dev_ws/install/turtlesim/include/turtlesim/srv/detail/set_pen__functions.h
[15.965s] -- Installing: /home/student5/robotics/ROS_experiments/dev_ws/install/turtlesim/include/turtlesim/srv/detail/spawn__functions.c
[15.965s] -- Installing: /home/student5/robotics/ROS_experiments/dev_ws/install/turtlesim/include/turtlesim/srv/detail/kill__struct.h
[15.965s] -- Installing: /home/student5/robotics/ROS_experiments/dev_ws/install/turtlesim/include/turtlesim/srv/detail/spawn__type_support.h
[15.965s] -- Installing: /home/student5/robotics/ROS_experiments/dev_ws/install/turtlesim/include/turtlesim/srv/detail/spawn__struct.h
[15.965s] -- Installing: /home/student5/robotics/ROS_experiments/dev_ws/install/turtlesim/include/turtlesim/srv/detail/teleport_absolute__struct.h
[15.965s] -- Installing: /home/student5/robotics/ROS_experiments/dev_ws/install/turtlesim/include/turtlesim/srv/detail/kill__functions.h
[15.965s] -- Installing: /home/student5/robotics/ROS_experiments/dev_ws/install/turtlesim/include/turtlesim/srv/detail/teleport_relative__functions.c
[15.965s] -- Installing: /home/student5/robotics/ROS_experiments/dev_ws/install/turtlesim/include/turtlesim/srv/detail/kill__functions.c
[15.965s] -- Installing: /home/student5/robotics/ROS_experiments/dev_ws/install/turtlesim/include/turtlesim/srv/detail/teleport_absolute__functions.c
[15.965s] -- Installing: /home/student5/robotics/ROS_experiments/dev_ws/install/turtlesim/include/turtlesim/srv/detail/spawn__functions.h
[15.965s] -- Installing: /home/student5/robotics/ROS_experiments/dev_ws/install/turtlesim/include/turtlesim/srv/detail/set_pen__type_support.h
[15.966s] -- Installing: /home/student5/robotics/ROS_experiments/dev_ws/install/turtlesim/include/turtlesim/srv/detail/teleport_absolute__type_support.h
[15.966s] -- Installing: /home/student5/robotics/ROS_experiments/dev_ws/install/turtlesim/include/turtlesim/srv/detail/teleport_relative__struct.h
[15.966s] -- Installing: /home/student5/robotics/ROS_experiments/dev_ws/install/turtlesim/include/turtlesim/srv/spawn.h
[15.966s] -- Installing: /home/student5/robotics/ROS_experiments/dev_ws/install/turtlesim/include/turtlesim/action
[15.966s] -- Installing: /home/student5/robotics/ROS_experiments/dev_ws/install/turtlesim/include/turtlesim/action/detail
[15.966s] -- Installing: /home/student5/robotics/ROS_experiments/dev_ws/install/turtlesim/include/turtlesim/action/detail/rotate_absolute__struct.h
[15.966s] -- Installing: /home/student5/robotics/ROS_experiments/dev_ws/install/turtlesim/include/turtlesim/action/detail/rotate_absolute__type_support.h
[15.966s] -- Installing: /home/student5/robotics/ROS_experiments/dev_ws/install/turtlesim/include/turtlesim/action/detail/rotate_absolute__functions.c
[15.966s] -- Installing: /home/student5/robotics/ROS_experiments/dev_ws/install/turtlesim/include/turtlesim/action/detail/rotate_absolute__functions.h
[15.966s] -- Installing: /home/student5/robotics/ROS_experiments/dev_ws/install/turtlesim/include/turtlesim/action/rotate_absolute.h
[15.966s] -- Installing: /home/student5/robotics/ROS_experiments/dev_ws/install/turtlesim/share/turtlesim/environment/library_path.sh
[15.966s] -- Installing: /home/student5/robotics/ROS_experiments/dev_ws/install/turtlesim/share/turtlesim/environment/library_path.dsv
[15.966s] -- Installing: /home/student5/robotics/ROS_experiments/dev_ws/install/turtlesim/lib/libturtlesim__rosidl_generator_c.so
[15.966s] -- Set runtime path of "/home/student5/robotics/ROS_experiments/dev_ws/install/turtlesim/lib/libturtlesim__rosidl_generator_c.so" to ""
[15.966s] -- Up-to-date: /home/student5/robotics/ROS_experiments/dev_ws/install/turtlesim/include/turtlesim
[15.966s] -- Up-to-date: /home/student5/robotics/ROS_experiments/dev_ws/install/turtlesim/include/turtlesim/msg
[15.966s] -- Installing: /home/student5/robotics/ROS_experiments/dev_ws/install/turtlesim/include/turtlesim/msg/rosidl_typesupport_fastrtps_c__visibility_control.h
[15.967s] -- Up-to-date: /home/student5/robotics/ROS_experiments/dev_ws/install/turtlesim/include/turtlesim/msg/detail
[15.967s] -- Installing: /home/student5/robotics/ROS_experiments/dev_ws/install/turtlesim/include/turtlesim/msg/detail/color__rosidl_typesupport_fastrtps_c.h
[15.967s] -- Installing: /home/student5/robotics/ROS_experiments/dev_ws/install/turtlesim/include/turtlesim/msg/detail/pose__rosidl_typesupport_fastrtps_c.h
[15.967s] -- Up-to-date: /home/student5/robotics/ROS_experiments/dev_ws/install/turtlesim/include/turtlesim/srv
[15.967s] -- Up-to-date: /home/student5/robotics/ROS_experiments/dev_ws/install/turtlesim/include/turtlesim/srv/detail
[15.967s] -- Installing: /home/student5/robotics/ROS_experiments/dev_ws/install/turtlesim/include/turtlesim/srv/detail/teleport_relative__rosidl_typesupport_fastrtps_c.h
[15.967s] -- Installing: /home/student5/robotics/ROS_experiments/dev_ws/install/turtlesim/include/turtlesim/srv/detail/kill__rosidl_typesupport_fastrtps_c.h
[15.967s] -- Installing: /home/student5/robotics/ROS_experiments/dev_ws/install/turtlesim/include/turtlesim/srv/detail/teleport_absolute__rosidl_typesupport_fastrtps_c.h
[15.967s] -- Installing: /home/student5/robotics/ROS_experiments/dev_ws/install/turtlesim/include/turtlesim/srv/detail/spawn__rosidl_typesupport_fastrtps_c.h
[15.967s] -- Installing: /home/student5/robotics/ROS_experiments/dev_ws/install/turtlesim/include/turtlesim/srv/detail/set_pen__rosidl_typesupport_fastrtps_c.h
[15.967s] -- Up-to-date: /home/student5/robotics/ROS_experiments/dev_ws/install/turtlesim/include/turtlesim/action
[15.967s] -- Up-to-date: /home/student5/robotics/ROS_experiments/dev_ws/install/turtlesim/include/turtlesim/action/detail
[15.967s] -- Installing: /home/student5/robotics/ROS_experiments/dev_ws/install/turtlesim/include/turtlesim/action/detail/rotate_absolute__rosidl_typesupport_fastrtps_c.h
[15.967s] -- Installing: /home/student5/robotics/ROS_experiments/dev_ws/install/turtlesim/lib/libturtlesim__rosidl_typesupport_fastrtps_c.so
[15.968s] -- Set runtime path of "/home/student5/robotics/ROS_experiments/dev_ws/install/turtlesim/lib/libturtlesim__rosidl_typesupport_fastrtps_c.so" to ""
[15.968s] -- Up-to-date: /home/student5/robotics/ROS_experiments/dev_ws/install/turtlesim/include/turtlesim
[15.968s] -- Up-to-date: /home/student5/robotics/ROS_experiments/dev_ws/install/turtlesim/include/turtlesim/msg
[15.968s] -- Installing: /home/student5/robotics/ROS_experiments/dev_ws/install/turtlesim/include/turtlesim/msg/rosidl_typesupport_fastrtps_cpp__visibility_control.h
[15.968s] -- Up-to-date: /home/student5/robotics/ROS_experiments/dev_ws/install/turtlesim/include/turtlesim/msg/detail
[15.968s] -- Installing: /home/student5/robotics/ROS_experiments/dev_ws/install/turtlesim/include/turtlesim/msg/detail/pose__rosidl_typesupport_fastrtps_cpp.hpp
[15.968s] -- Installing: /home/student5/robotics/ROS_experiments/dev_ws/install/turtlesim/include/turtlesim/msg/detail/color__rosidl_typesupport_fastrtps_cpp.hpp
[15.968s] -- Installing: /home/student5/robotics/ROS_experiments/dev_ws/install/turtlesim/include/turtlesim/msg/detail/dds_fastrtps
[15.968s] -- Up-to-date: /home/student5/robotics/ROS_experiments/dev_ws/install/turtlesim/include/turtlesim/srv
[15.968s] -- Up-to-date: /home/student5/robotics/ROS_experiments/dev_ws/install/turtlesim/include/turtlesim/srv/detail
[15.968s] -- Installing: /home/student5/robotics/ROS_experiments/dev_ws/install/turtlesim/include/turtlesim/srv/detail/teleport_absolute__rosidl_typesupport_fastrtps_cpp.hpp
[15.968s] -- Installing: /home/student5/robotics/ROS_experiments/dev_ws/install/turtlesim/include/turtlesim/srv/detail/set_pen__rosidl_typesupport_fastrtps_cpp.hpp
[15.968s] -- Installing: /home/student5/robotics/ROS_experiments/dev_ws/install/turtlesim/include/turtlesim/srv/detail/spawn__rosidl_typesupport_fastrtps_cpp.hpp
[15.968s] -- Installing: /home/student5/robotics/ROS_experiments/dev_ws/install/turtlesim/include/turtlesim/srv/detail/teleport_relative__rosidl_typesupport_fastrtps_cpp.hpp
[15.968s] -- Installing: /home/student5/robotics/ROS_experiments/dev_ws/install/turtlesim/include/turtlesim/srv/detail/kill__rosidl_typesupport_fastrtps_cpp.hpp
[15.968s] -- Installing: /home/student5/robotics/ROS_experiments/dev_ws/install/turtlesim/include/turtlesim/srv/detail/dds_fastrtps
[15.969s] -- Up-to-date: /home/student5/robotics/ROS_experiments/dev_ws/install/turtlesim/include/turtlesim/action
[15.969s] -- Up-to-date: /home/student5/robotics/ROS_experiments/dev_ws/install/turtlesim/include/turtlesim/action/detail
[15.969s] -- Installing: /home/student5/robotics/ROS_experiments/dev_ws/install/turtlesim/include/turtlesim/action/detail/rotate_absolute__rosidl_typesupport_fastrtps_cpp.hpp
[15.969s] -- Installing: /home/student5/robotics/ROS_experiments/dev_ws/install/turtlesim/include/turtlesim/action/detail/dds_fastrtps
[15.969s] -- Installing: /home/student5/robotics/ROS_experiments/dev_ws/install/turtlesim/lib/libturtlesim__rosidl_typesupport_fastrtps_cpp.so
[15.969s] -- Set runtime path of "/home/student5/robotics/ROS_experiments/dev_ws/install/turtlesim/lib/libturtlesim__rosidl_typesupport_fastrtps_cpp.so" to ""
[15.969s] -- Up-to-date: /home/student5/robotics/ROS_experiments/dev_ws/install/turtlesim/include/turtlesim
[15.969s] -- Up-to-date: /home/student5/robotics/ROS_experiments/dev_ws/install/turtlesim/include/turtlesim/msg
[15.969s] -- Installing: /home/student5/robotics/ROS_experiments/dev_ws/install/turtlesim/include/turtlesim/msg/rosidl_typesupport_introspection_c__visibility_control.h
[15.969s] -- Up-to-date: /home/student5/robotics/ROS_experiments/dev_ws/install/turtlesim/include/turtlesim/msg/detail
[15.969s] -- Installing: /home/student5/robotics/ROS_experiments/dev_ws/install/turtlesim/include/turtlesim/msg/detail/pose__type_support.c
[15.969s] -- Installing: /home/student5/robotics/ROS_experiments/dev_ws/install/turtlesim/include/turtlesim/msg/detail/pose__rosidl_typesupport_introspection_c.h
[15.969s] -- Installing: /home/student5/robotics/ROS_experiments/dev_ws/install/turtlesim/include/turtlesim/msg/detail/color__rosidl_typesupport_introspection_c.h
[15.969s] -- Installing: /home/student5/robotics/ROS_experiments/dev_ws/install/turtlesim/include/turtlesim/msg/detail/color__type_support.c
[15.969s] -- Up-to-date: /home/student5/robotics/ROS_experiments/dev_ws/install/turtlesim/include/turtlesim/srv
[15.969s] -- Up-to-date: /home/student5/robotics/ROS_experiments/dev_ws/install/turtlesim/include/turtlesim/srv/detail
[15.970s] -- Installing: /home/student5/robotics/ROS_experiments/dev_ws/install/turtlesim/include/turtlesim/srv/detail/teleport_absolute__type_support.c
[15.970s] -- Installing: /home/student5/robotics/ROS_experiments/dev_ws/install/turtlesim/include/turtlesim/srv/detail/spawn__rosidl_typesupport_introspection_c.h
[15.970s] -- Installing: /home/student5/robotics/ROS_experiments/dev_ws/install/turtlesim/include/turtlesim/srv/detail/spawn__type_support.c
[15.970s] -- Installing: /home/student5/robotics/ROS_experiments/dev_ws/install/turtlesim/include/turtlesim/srv/detail/set_pen__type_support.c
[15.970s] -- Installing: /home/student5/robotics/ROS_experiments/dev_ws/install/turtlesim/include/turtlesim/srv/detail/kill__rosidl_typesupport_introspection_c.h
[15.970s] -- Installing: /home/student5/robotics/ROS_experiments/dev_ws/install/turtlesim/include/turtlesim/srv/detail/teleport_absolute__rosidl_typesupport_introspection_c.h
[15.970s] -- Installing: /home/student5/robotics/ROS_experiments/dev_ws/install/turtlesim/include/turtlesim/srv/detail/teleport_relative__rosidl_typesupport_introspection_c.h
[15.970s] -- Installing: /home/student5/robotics/ROS_experiments/dev_ws/install/turtlesim/include/turtlesim/srv/detail/set_pen__rosidl_typesupport_introspection_c.h
[15.970s] -- Installing: /home/student5/robotics/ROS_experiments/dev_ws/install/turtlesim/include/turtlesim/srv/detail/kill__type_support.c
[15.970s] -- Installing: /home/student5/robotics/ROS_experiments/dev_ws/install/turtlesim/include/turtlesim/srv/detail/teleport_relative__type_support.c
[15.970s] -- Up-to-date: /home/student5/robotics/ROS_experiments/dev_ws/install/turtlesim/include/turtlesim/action
[15.970s] -- Up-to-date: /home/student5/robotics/ROS_experiments/dev_ws/install/turtlesim/include/turtlesim/action/detail
[15.970s] -- Installing: /home/student5/robotics/ROS_experiments/dev_ws/install/turtlesim/include/turtlesim/action/detail/rotate_absolute__rosidl_typesupport_introspection_c.h
[15.970s] -- Installing: /home/student5/robotics/ROS_experiments/dev_ws/install/turtlesim/include/turtlesim/action/detail/rotate_absolute__type_support.c
[15.970s] -- Installing: /home/student5/robotics/ROS_experiments/dev_ws/install/turtlesim/lib/libturtlesim__rosidl_typesupport_introspection_c.so
[15.970s] -- Set runtime path of "/home/student5/robotics/ROS_experiments/dev_ws/install/turtlesim/lib/libturtlesim__rosidl_typesupport_introspection_c.so" to ""
[15.970s] -- Installing: /home/student5/robotics/ROS_experiments/dev_ws/install/turtlesim/lib/libturtlesim__rosidl_typesupport_c.so
[15.970s] -- Set runtime path of "/home/student5/robotics/ROS_experiments/dev_ws/install/turtlesim/lib/libturtlesim__rosidl_typesupport_c.so" to ""
[15.971s] -- Up-to-date: /home/student5/robotics/ROS_experiments/dev_ws/install/turtlesim/include/turtlesim
[15.971s] -- Up-to-date: /home/student5/robotics/ROS_experiments/dev_ws/install/turtlesim/include/turtlesim/msg
[15.971s] -- Installing: /home/student5/robotics/ROS_experiments/dev_ws/install/turtlesim/include/turtlesim/msg/pose.hpp
[15.971s] -- Up-to-date: /home/student5/robotics/ROS_experiments/dev_ws/install/turtlesim/include/turtlesim/msg/detail
[15.971s] -- Installing: /home/student5/robotics/ROS_experiments/dev_ws/install/turtlesim/include/turtlesim/msg/detail/pose__traits.hpp
[15.971s] -- Installing: /home/student5/robotics/ROS_experiments/dev_ws/install/turtlesim/include/turtlesim/msg/detail/color__struct.hpp
[15.971s] -- Installing: /home/student5/robotics/ROS_experiments/dev_ws/install/turtlesim/include/turtlesim/msg/detail/color__traits.hpp
[15.971s] -- Installing: /home/student5/robotics/ROS_experiments/dev_ws/install/turtlesim/include/turtlesim/msg/detail/pose__struct.hpp
[15.971s] -- Installing: /home/student5/robotics/ROS_experiments/dev_ws/install/turtlesim/include/turtlesim/msg/detail/pose__builder.hpp
[15.971s] -- Installing: /home/student5/robotics/ROS_experiments/dev_ws/install/turtlesim/include/turtlesim/msg/detail/color__builder.hpp
[15.971s] -- Installing: /home/student5/robotics/ROS_experiments/dev_ws/install/turtlesim/include/turtlesim/msg/color.hpp
[15.971s] -- Up-to-date: /home/student5/robotics/ROS_experiments/dev_ws/install/turtlesim/include/turtlesim/srv
[15.971s] -- Installing: /home/student5/robotics/ROS_experiments/dev_ws/install/turtlesim/include/turtlesim/srv/kill.hpp
[15.971s] -- Installing: /home/student5/robotics/ROS_experiments/dev_ws/install/turtlesim/include/turtlesim/srv/teleport_absolute.hpp
[15.971s] -- Installing: /home/student5/robotics/ROS_experiments/dev_ws/install/turtlesim/include/turtlesim/srv/set_pen.hpp
[15.971s] -- Installing: /home/student5/robotics/ROS_experiments/dev_ws/install/turtlesim/include/turtlesim/srv/teleport_relative.hpp
[15.972s] -- Up-to-date: /home/student5/robotics/ROS_experiments/dev_ws/install/turtlesim/include/turtlesim/srv/detail
[15.972s] -- Installing: /home/student5/robotics/ROS_experiments/dev_ws/install/turtlesim/include/turtlesim/srv/detail/kill__builder.hpp
[15.972s] -- Installing: /home/student5/robotics/ROS_experiments/dev_ws/install/turtlesim/include/turtlesim/srv/detail/spawn__struct.hpp
[15.972s] -- Installing: /home/student5/robotics/ROS_experiments/dev_ws/install/turtlesim/include/turtlesim/srv/detail/spawn__traits.hpp
[15.972s] -- Installing: /home/student5/robotics/ROS_experiments/dev_ws/install/turtlesim/include/turtlesim/srv/detail/teleport_absolute__struct.hpp
[15.972s] -- Installing: /home/student5/robotics/ROS_experiments/dev_ws/install/turtlesim/include/turtlesim/srv/detail/teleport_relative__struct.hpp
[15.972s] -- Installing: /home/student5/robotics/ROS_experiments/dev_ws/install/turtlesim/include/turtlesim/srv/detail/set_pen__struct.hpp
[15.972s] -- Installing: /home/student5/robotics/ROS_experiments/dev_ws/install/turtlesim/include/turtlesim/srv/detail/kill__traits.hpp
[15.972s] -- Installing: /home/student5/robotics/ROS_experiments/dev_ws/install/turtlesim/include/turtlesim/srv/detail/teleport_absolute__builder.hpp
[15.972s] -- Installing: /home/student5/robotics/ROS_experiments/dev_ws/install/turtlesim/include/turtlesim/srv/detail/teleport_absolute__traits.hpp
[15.972s] -- Installing: /home/student5/robotics/ROS_experiments/dev_ws/install/turtlesim/include/turtlesim/srv/detail/spawn__builder.hpp
[15.972s] -- Installing: /home/student5/robotics/ROS_experiments/dev_ws/install/turtlesim/include/turtlesim/srv/detail/kill__struct.hpp
[15.972s] -- Installing: /home/student5/robotics/ROS_experiments/dev_ws/install/turtlesim/include/turtlesim/srv/detail/teleport_relative__builder.hpp
[15.972s] -- Installing: /home/student5/robotics/ROS_experiments/dev_ws/install/turtlesim/include/turtlesim/srv/detail/teleport_relative__traits.hpp
[15.972s] -- Installing: /home/student5/robotics/ROS_experiments/dev_ws/install/turtlesim/include/turtlesim/srv/detail/set_pen__builder.hpp
[15.972s] -- Installing: /home/student5/robotics/ROS_experiments/dev_ws/install/turtlesim/include/turtlesim/srv/detail/set_pen__traits.hpp
[15.973s] -- Installing: /home/student5/robotics/ROS_experiments/dev_ws/install/turtlesim/include/turtlesim/srv/spawn.hpp
[15.973s] -- Up-to-date: /home/student5/robotics/ROS_experiments/dev_ws/install/turtlesim/include/turtlesim/action
[15.973s] -- Installing: /home/student5/robotics/ROS_experiments/dev_ws/install/turtlesim/include/turtlesim/action/rotate_absolute.hpp
[15.973s] -- Up-to-date: /home/student5/robotics/ROS_experiments/dev_ws/install/turtlesim/include/turtlesim/action/detail
[15.973s] -- Installing: /home/student5/robotics/ROS_experiments/dev_ws/install/turtlesim/include/turtlesim/action/detail/rotate_absolute__traits.hpp
[15.973s] -- Installing: /home/student5/robotics/ROS_experiments/dev_ws/install/turtlesim/include/turtlesim/action/detail/rotate_absolute__builder.hpp
[15.973s] -- Installing: /home/student5/robotics/ROS_experiments/dev_ws/install/turtlesim/include/turtlesim/action/detail/rotate_absolute__struct.hpp
[15.973s] -- Up-to-date: /home/student5/robotics/ROS_experiments/dev_ws/install/turtlesim/include/turtlesim
[15.973s] -- Up-to-date: /home/student5/robotics/ROS_experiments/dev_ws/install/turtlesim/include/turtlesim/msg
[15.973s] -- Up-to-date: /home/student5/robotics/ROS_experiments/dev_ws/install/turtlesim/include/turtlesim/msg/detail
[15.973s] -- Installing: /home/student5/robotics/ROS_experiments/dev_ws/install/turtlesim/include/turtlesim/msg/detail/pose__rosidl_typesupport_introspection_cpp.hpp
[15.973s] -- Installing: /home/student5/robotics/ROS_experiments/dev_ws/install/turtlesim/include/turtlesim/msg/detail/color__rosidl_typesupport_introspection_cpp.hpp
[15.973s] -- Installing: /home/student5/robotics/ROS_experiments/dev_ws/install/turtlesim/include/turtlesim/msg/detail/pose__type_support.cpp
[15.973s] -- Installing: /home/student5/robotics/ROS_experiments/dev_ws/install/turtlesim/include/turtlesim/msg/detail/color__type_support.cpp
[15.973s] -- Up-to-date: /home/student5/robotics/ROS_experiments/dev_ws/install/turtlesim/include/turtlesim/srv
[15.973s] -- Up-to-date: /home/student5/robotics/ROS_experiments/dev_ws/install/turtlesim/include/turtlesim/srv/detail
[15.973s] -- Installing: /home/student5/robotics/ROS_experiments/dev_ws/install/turtlesim/include/turtlesim/srv/detail/spawn__rosidl_typesupport_introspection_cpp.hpp
[15.974s] -- Installing: /home/student5/robotics/ROS_experiments/dev_ws/install/turtlesim/include/turtlesim/srv/detail/kill__type_support.cpp
[15.974s] -- Installing: /home/student5/robotics/ROS_experiments/dev_ws/install/turtlesim/include/turtlesim/srv/detail/set_pen__rosidl_typesupport_introspection_cpp.hpp
[15.974s] -- Installing: /home/student5/robotics/ROS_experiments/dev_ws/install/turtlesim/include/turtlesim/srv/detail/kill__rosidl_typesupport_introspection_cpp.hpp
[15.974s] -- Installing: /home/student5/robotics/ROS_experiments/dev_ws/install/turtlesim/include/turtlesim/srv/detail/spawn__type_support.cpp
[15.974s] -- Installing: /home/student5/robotics/ROS_experiments/dev_ws/install/turtlesim/include/turtlesim/srv/detail/teleport_absolute__type_support.cpp
[15.974s] -- Installing: /home/student5/robotics/ROS_experiments/dev_ws/install/turtlesim/include/turtlesim/srv/detail/teleport_relative__rosidl_typesupport_introspection_cpp.hpp
[15.974s] -- Installing: /home/student5/robotics/ROS_experiments/dev_ws/install/turtlesim/include/turtlesim/srv/detail/teleport_relative__type_support.cpp
[15.974s] -- Installing: /home/student5/robotics/ROS_experiments/dev_ws/install/turtlesim/include/turtlesim/srv/detail/set_pen__type_support.cpp
[15.974s] -- Installing: /home/student5/robotics/ROS_experiments/dev_ws/install/turtlesim/include/turtlesim/srv/detail/teleport_absolute__rosidl_typesupport_introspection_cpp.hpp
[15.974s] -- Up-to-date: /home/student5/robotics/ROS_experiments/dev_ws/install/turtlesim/include/turtlesim/action
[15.974s] -- Up-to-date: /home/student5/robotics/ROS_experiments/dev_ws/install/turtlesim/include/turtlesim/action/detail
[15.974s] -- Installing: /home/student5/robotics/ROS_experiments/dev_ws/install/turtlesim/include/turtlesim/action/detail/rotate_absolute__type_support.cpp
[15.974s] -- Installing: /home/student5/robotics/ROS_experiments/dev_ws/install/turtlesim/include/turtlesim/action/detail/rotate_absolute__rosidl_typesupport_introspection_cpp.hpp
[15.974s] -- Installing: /home/student5/robotics/ROS_experiments/dev_ws/install/turtlesim/lib/libturtlesim__rosidl_typesupport_introspection_cpp.so
[15.974s] -- Set runtime path of "/home/student5/robotics/ROS_experiments/dev_ws/install/turtlesim/lib/libturtlesim__rosidl_typesupport_introspection_cpp.so" to ""
[15.974s] -- Installing: /home/student5/robotics/ROS_experiments/dev_ws/install/turtlesim/lib/libturtlesim__rosidl_typesupport_cpp.so
[15.974s] -- Set runtime path of "/home/student5/robotics/ROS_experiments/dev_ws/install/turtlesim/lib/libturtlesim__rosidl_typesupport_cpp.so" to ""
[15.974s] -- Installing: /home/student5/robotics/ROS_experiments/dev_ws/install/turtlesim/share/turtlesim/environment/pythonpath.sh
[15.974s] -- Installing: /home/student5/robotics/ROS_experiments/dev_ws/install/turtlesim/share/turtlesim/environment/pythonpath.dsv
[15.974s] -- Installing: /home/student5/robotics/ROS_experiments/dev_ws/install/turtlesim/lib/python3.8/site-packages/turtlesim/__init__.py
[15.997s] Compiling '/home/student5/robotics/ROS_experiments/dev_ws/install/turtlesim/lib/python3.8/site-packages/turtlesim/__init__.py'...
[15.999s] -- Installing: /home/student5/robotics/ROS_experiments/dev_ws/install/turtlesim/lib/python3.8/site-packages/turtlesim/action
[15.999s] -- Installing: /home/student5/robotics/ROS_experiments/dev_ws/install/turtlesim/lib/python3.8/site-packages/turtlesim/action/__init__.py
[15.999s] -- Installing: /home/student5/robotics/ROS_experiments/dev_ws/install/turtlesim/lib/python3.8/site-packages/turtlesim/action/_rotate_absolute_s.c
[16.000s] -- Installing: /home/student5/robotics/ROS_experiments/dev_ws/install/turtlesim/lib/python3.8/site-packages/turtlesim/action/_rotate_absolute.py
[16.000s] -- Installing: /home/student5/robotics/ROS_experiments/dev_ws/install/turtlesim/lib/python3.8/site-packages/turtlesim/msg
[16.000s] -- Installing: /home/student5/robotics/ROS_experiments/dev_ws/install/turtlesim/lib/python3.8/site-packages/turtlesim/msg/_color.py
[16.000s] -- Installing: /home/student5/robotics/ROS_experiments/dev_ws/install/turtlesim/lib/python3.8/site-packages/turtlesim/msg/__init__.py
[16.000s] -- Installing: /home/student5/robotics/ROS_experiments/dev_ws/install/turtlesim/lib/python3.8/site-packages/turtlesim/msg/_pose_s.c
[16.000s] -- Installing: /home/student5/robotics/ROS_experiments/dev_ws/install/turtlesim/lib/python3.8/site-packages/turtlesim/msg/_color_s.c
[16.000s] -- Installing: /home/student5/robotics/ROS_experiments/dev_ws/install/turtlesim/lib/python3.8/site-packages/turtlesim/msg/_pose.py
[16.000s] -- Installing: /home/student5/robotics/ROS_experiments/dev_ws/install/turtlesim/lib/python3.8/site-packages/turtlesim/srv
[16.000s] -- Installing: /home/student5/robotics/ROS_experiments/dev_ws/install/turtlesim/lib/python3.8/site-packages/turtlesim/srv/_teleport_absolute_s.c
[16.000s] -- Installing: /home/student5/robotics/ROS_experiments/dev_ws/install/turtlesim/lib/python3.8/site-packages/turtlesim/srv/_teleport_relative.py
[16.000s] -- Installing: /home/student5/robotics/ROS_experiments/dev_ws/install/turtlesim/lib/python3.8/site-packages/turtlesim/srv/_teleport_absolute.py
[16.000s] -- Installing: /home/student5/robotics/ROS_experiments/dev_ws/install/turtlesim/lib/python3.8/site-packages/turtlesim/srv/_set_pen_s.c
[16.000s] -- Installing: /home/student5/robotics/ROS_experiments/dev_ws/install/turtlesim/lib/python3.8/site-packages/turtlesim/srv/__init__.py
[16.000s] -- Installing: /home/student5/robotics/ROS_experiments/dev_ws/install/turtlesim/lib/python3.8/site-packages/turtlesim/srv/_teleport_relative_s.c
[16.000s] -- Installing: /home/student5/robotics/ROS_experiments/dev_ws/install/turtlesim/lib/python3.8/site-packages/turtlesim/srv/_kill.py
[16.000s] -- Installing: /home/student5/robotics/ROS_experiments/dev_ws/install/turtlesim/lib/python3.8/site-packages/turtlesim/srv/_set_pen.py
[16.001s] -- Installing: /home/student5/robotics/ROS_experiments/dev_ws/install/turtlesim/lib/python3.8/site-packages/turtlesim/srv/_spawn.py
[16.001s] -- Installing: /home/student5/robotics/ROS_experiments/dev_ws/install/turtlesim/lib/python3.8/site-packages/turtlesim/srv/_kill_s.c
[16.001s] -- Installing: /home/student5/robotics/ROS_experiments/dev_ws/install/turtlesim/lib/python3.8/site-packages/turtlesim/srv/_spawn_s.c
[16.001s] -- Installing: /home/student5/robotics/ROS_experiments/dev_ws/install/turtlesim/lib/python3.8/site-packages/turtlesim/turtlesim_s__rosidl_typesupport_fastrtps_c.cpython-38-x86_64-linux-gnu.so
[16.001s] -- Set runtime path of "/home/student5/robotics/ROS_experiments/dev_ws/install/turtlesim/lib/python3.8/site-packages/turtlesim/turtlesim_s__rosidl_typesupport_fastrtps_c.cpython-38-x86_64-linux-gnu.so" to ""
[16.001s] -- Installing: /home/student5/robotics/ROS_experiments/dev_ws/install/turtlesim/lib/python3.8/site-packages/turtlesim/turtlesim_s__rosidl_typesupport_introspection_c.cpython-38-x86_64-linux-gnu.so
[16.001s] -- Set runtime path of "/home/student5/robotics/ROS_experiments/dev_ws/install/turtlesim/lib/python3.8/site-packages/turtlesim/turtlesim_s__rosidl_typesupport_introspection_c.cpython-38-x86_64-linux-gnu.so" to ""
[16.001s] -- Installing: /home/student5/robotics/ROS_experiments/dev_ws/install/turtlesim/lib/python3.8/site-packages/turtlesim/turtlesim_s__rosidl_typesupport_c.cpython-38-x86_64-linux-gnu.so
[16.002s] -- Set runtime path of "/home/student5/robotics/ROS_experiments/dev_ws/install/turtlesim/lib/python3.8/site-packages/turtlesim/turtlesim_s__rosidl_typesupport_c.cpython-38-x86_64-linux-gnu.so" to ""
[16.002s] -- Installing: /home/student5/robotics/ROS_experiments/dev_ws/install/turtlesim/lib/libturtlesim__python.so
[16.002s] -- Set runtime path of "/home/student5/robotics/ROS_experiments/dev_ws/install/turtlesim/lib/libturtlesim__python.so" to ""
[16.002s] -- Installing: /home/student5/robotics/ROS_experiments/dev_ws/install/turtlesim/share/turtlesim/action/RotateAbsolute.idl
[16.002s] -- Installing: /home/student5/robotics/ROS_experiments/dev_ws/install/turtlesim/share/turtlesim/msg/Color.idl
[16.002s] -- Installing: /home/student5/robotics/ROS_experiments/dev_ws/install/turtlesim/share/turtlesim/msg/Pose.idl
[16.002s] -- Installing: /home/student5/robotics/ROS_experiments/dev_ws/install/turtlesim/share/turtlesim/srv/Kill.idl
[16.003s] -- Installing: /home/student5/robotics/ROS_experiments/dev_ws/install/turtlesim/share/turtlesim/srv/SetPen.idl
[16.003s] -- Installing: /home/student5/robotics/ROS_experiments/dev_ws/install/turtlesim/share/turtlesim/srv/Spawn.idl
[16.003s] -- Installing: /home/student5/robotics/ROS_experiments/dev_ws/install/turtlesim/share/turtlesim/srv/TeleportAbsolute.idl
[16.003s] -- Installing: /home/student5/robotics/ROS_experiments/dev_ws/install/turtlesim/share/turtlesim/srv/TeleportRelative.idl
[16.003s] -- Installing: /home/student5/robotics/ROS_experiments/dev_ws/install/turtlesim/share/turtlesim/action/RotateAbsolute.action
[16.003s] -- Installing: /home/student5/robotics/ROS_experiments/dev_ws/install/turtlesim/share/turtlesim/msg/Color.msg
[16.003s] -- Installing: /home/student5/robotics/ROS_experiments/dev_ws/install/turtlesim/share/turtlesim/msg/Pose.msg
[16.003s] -- Installing: /home/student5/robotics/ROS_experiments/dev_ws/install/turtlesim/share/turtlesim/srv/Kill.srv
[16.003s] -- Installing: /home/student5/robotics/ROS_experiments/dev_ws/install/turtlesim/share/turtlesim/srv/Kill_Request.msg
[16.003s] -- Installing: /home/student5/robotics/ROS_experiments/dev_ws/install/turtlesim/share/turtlesim/srv/Kill_Response.msg
[16.003s] -- Installing: /home/student5/robotics/ROS_experiments/dev_ws/install/turtlesim/share/turtlesim/srv/SetPen.srv
[16.003s] -- Installing: /home/student5/robotics/ROS_experiments/dev_ws/install/turtlesim/share/turtlesim/srv/SetPen_Request.msg
[16.004s] -- Installing: /home/student5/robotics/ROS_experiments/dev_ws/install/turtlesim/share/turtlesim/srv/SetPen_Response.msg
[16.004s] -- Installing: /home/student5/robotics/ROS_experiments/dev_ws/install/turtlesim/share/turtlesim/srv/Spawn.srv
[16.004s] -- Installing: /home/student5/robotics/ROS_experiments/dev_ws/install/turtlesim/share/turtlesim/srv/Spawn_Request.msg
[16.004s] -- Installing: /home/student5/robotics/ROS_experiments/dev_ws/install/turtlesim/share/turtlesim/srv/Spawn_Response.msg
[16.004s] -- Installing: /home/student5/robotics/ROS_experiments/dev_ws/install/turtlesim/share/turtlesim/srv/TeleportAbsolute.srv
[16.004s] -- Installing: /home/student5/robotics/ROS_experiments/dev_ws/install/turtlesim/share/turtlesim/srv/TeleportAbsolute_Request.msg
[16.004s] -- Installing: /home/student5/robotics/ROS_experiments/dev_ws/install/turtlesim/share/turtlesim/srv/TeleportAbsolute_Response.msg
[16.004s] -- Installing: /home/student5/robotics/ROS_experiments/dev_ws/install/turtlesim/share/turtlesim/srv/TeleportRelative.srv
[16.004s] -- Installing: /home/student5/robotics/ROS_experiments/dev_ws/install/turtlesim/share/turtlesim/srv/TeleportRelative_Request.msg
[16.004s] -- Installing: /home/student5/robotics/ROS_experiments/dev_ws/install/turtlesim/share/turtlesim/srv/TeleportRelative_Response.msg
[16.004s] -- Installing: /home/student5/robotics/ROS_experiments/dev_ws/install/turtlesim/lib/turtlesim/turtlesim_node
[16.008s] -- Set runtime path of "/home/student5/robotics/ROS_experiments/dev_ws/install/turtlesim/lib/turtlesim/turtlesim_node" to ""
[16.008s] -- Installing: /home/student5/robotics/ROS_experiments/dev_ws/install/turtlesim/lib/turtlesim/turtle_teleop_key
[16.009s] -- Set runtime path of "/home/student5/robotics/ROS_experiments/dev_ws/install/turtlesim/lib/turtlesim/turtle_teleop_key" to ""
[16.009s] -- Installing: /home/student5/robotics/ROS_experiments/dev_ws/install/turtlesim/lib/turtlesim/draw_square
[16.011s] -- Set runtime path of "/home/student5/robotics/ROS_experiments/dev_ws/install/turtlesim/lib/turtlesim/draw_square" to ""
[16.011s] -- Installing: /home/student5/robotics/ROS_experiments/dev_ws/install/turtlesim/lib/turtlesim/mimic
[16.012s] -- Set runtime path of "/home/student5/robotics/ROS_experiments/dev_ws/install/turtlesim/lib/turtlesim/mimic" to ""
[16.013s] -- Installing: /home/student5/robotics/ROS_experiments/dev_ws/install/turtlesim/share/turtlesim/images
[16.013s] -- Installing: /home/student5/robotics/ROS_experiments/dev_ws/install/turtlesim/share/turtlesim/images/galactic.png
[16.013s] -- Installing: /home/student5/robotics/ROS_experiments/dev_ws/install/turtlesim/share/turtlesim/images/dashing.png
[16.013s] -- Installing: /home/student5/robotics/ROS_experiments/dev_ws/install/turtlesim/share/turtlesim/images/eloquent.png
[16.013s] -- Installing: /home/student5/robotics/ROS_experiments/dev_ws/install/turtlesim/share/turtlesim/images/bouncy.png
[16.013s] -- Installing: /home/student5/robotics/ROS_experiments/dev_ws/install/turtlesim/share/turtlesim/images/foxy.png
[16.013s] -- Installing: /home/student5/robotics/ROS_experiments/dev_ws/install/turtlesim/share/turtlesim/images/crystal.png
[16.013s] -- Installing: /home/student5/robotics/ROS_experiments/dev_ws/install/turtlesim/share/turtlesim/images/ardent.png
[16.013s] -- Installing: /home/student5/robotics/ROS_experiments/dev_ws/install/turtlesim/share/turtlesim/launch
[16.013s] -- Installing: /home/student5/robotics/ROS_experiments/dev_ws/install/turtlesim/share/turtlesim/launch/multisim.launch.py
[16.013s] -- Installing: /home/student5/robotics/ROS_experiments/dev_ws/install/turtlesim/share/ament_index/resource_index/package_run_dependencies/turtlesim
[16.013s] -- Installing: /home/student5/robotics/ROS_experiments/dev_ws/install/turtlesim/share/ament_index/resource_index/parent_prefix_path/turtlesim
[16.013s] -- Installing: /home/student5/robotics/ROS_experiments/dev_ws/install/turtlesim/share/turtlesim/environment/ament_prefix_path.sh
[16.014s] -- Installing: /home/student5/robotics/ROS_experiments/dev_ws/install/turtlesim/share/turtlesim/environment/ament_prefix_path.dsv
[16.014s] -- Installing: /home/student5/robotics/ROS_experiments/dev_ws/install/turtlesim/share/turtlesim/environment/path.sh
[16.014s] -- Installing: /home/student5/robotics/ROS_experiments/dev_ws/install/turtlesim/share/turtlesim/environment/path.dsv
[16.014s] -- Installing: /home/student5/robotics/ROS_experiments/dev_ws/install/turtlesim/share/turtlesim/local_setup.bash
[16.014s] -- Installing: /home/student5/robotics/ROS_experiments/dev_ws/install/turtlesim/share/turtlesim/local_setup.sh
[16.014s] -- Installing: /home/student5/robotics/ROS_experiments/dev_ws/install/turtlesim/share/turtlesim/local_setup.zsh
[16.014s] -- Installing: /home/student5/robotics/ROS_experiments/dev_ws/install/turtlesim/share/turtlesim/local_setup.dsv
[16.014s] -- Installing: /home/student5/robotics/ROS_experiments/dev_ws/install/turtlesim/share/turtlesim/package.dsv
[16.014s] -- Installing: /home/student5/robotics/ROS_experiments/dev_ws/install/turtlesim/share/ament_index/resource_index/packages/turtlesim
[16.014s] -- Installing: /home/student5/robotics/ROS_experiments/dev_ws/install/turtlesim/share/turtlesim/cmake/turtlesim__rosidl_generator_cExport.cmake
[16.014s] -- Installing: /home/student5/robotics/ROS_experiments/dev_ws/install/turtlesim/share/turtlesim/cmake/turtlesim__rosidl_generator_cExport-noconfig.cmake
[16.015s] -- Installing: /home/student5/robotics/ROS_experiments/dev_ws/install/turtlesim/share/turtlesim/cmake/turtlesim__rosidl_typesupport_introspection_cExport.cmake
[16.015s] -- Installing: /home/student5/robotics/ROS_experiments/dev_ws/install/turtlesim/share/turtlesim/cmake/turtlesim__rosidl_typesupport_introspection_cExport-noconfig.cmake
[16.015s] -- Installing: /home/student5/robotics/ROS_experiments/dev_ws/install/turtlesim/share/turtlesim/cmake/turtlesim__rosidl_typesupport_cExport.cmake
[16.015s] -- Installing: /home/student5/robotics/ROS_experiments/dev_ws/install/turtlesim/share/turtlesim/cmake/turtlesim__rosidl_typesupport_cExport-noconfig.cmake
[16.015s] -- Installing: /home/student5/robotics/ROS_experiments/dev_ws/install/turtlesim/share/turtlesim/cmake/turtlesim__rosidl_generator_cppExport.cmake
[16.015s] -- Installing: /home/student5/robotics/ROS_experiments/dev_ws/install/turtlesim/share/turtlesim/cmake/turtlesim__rosidl_typesupport_introspection_cppExport.cmake
[16.015s] -- Installing: /home/student5/robotics/ROS_experiments/dev_ws/install/turtlesim/share/turtlesim/cmake/turtlesim__rosidl_typesupport_introspection_cppExport-noconfig.cmake
[16.015s] -- Installing: /home/student5/robotics/ROS_experiments/dev_ws/install/turtlesim/share/turtlesim/cmake/turtlesim__rosidl_typesupport_cppExport.cmake
[16.015s] -- Installing: /home/student5/robotics/ROS_experiments/dev_ws/install/turtlesim/share/turtlesim/cmake/turtlesim__rosidl_typesupport_cppExport-noconfig.cmake
[16.015s] -- Installing: /home/student5/robotics/ROS_experiments/dev_ws/install/turtlesim/share/turtlesim/cmake/rosidl_cmake-extras.cmake
[16.016s] -- Installing: /home/student5/robotics/ROS_experiments/dev_ws/install/turtlesim/share/turtlesim/cmake/ament_cmake_export_dependencies-extras.cmake
[16.016s] -- Installing: /home/student5/robotics/ROS_experiments/dev_ws/install/turtlesim/share/turtlesim/cmake/ament_cmake_export_libraries-extras.cmake
[16.016s] -- Installing: /home/student5/robotics/ROS_experiments/dev_ws/install/turtlesim/share/turtlesim/cmake/ament_cmake_export_targets-extras.cmake
[16.016s] -- Installing: /home/student5/robotics/ROS_experiments/dev_ws/install/turtlesim/share/turtlesim/cmake/ament_cmake_export_include_directories-extras.cmake
[16.016s] -- Installing: /home/student5/robotics/ROS_experiments/dev_ws/install/turtlesim/share/turtlesim/cmake/rosidl_cmake_export_typesupport_libraries-extras.cmake
[16.016s] -- Installing: /home/student5/robotics/ROS_experiments/dev_ws/install/turtlesim/share/turtlesim/cmake/rosidl_cmake_export_typesupport_targets-extras.cmake
[16.016s] -- Installing: /home/student5/robotics/ROS_experiments/dev_ws/install/turtlesim/share/turtlesim/cmake/turtlesimConfig.cmake
[16.016s] -- Installing: /home/student5/robotics/ROS_experiments/dev_ws/install/turtlesim/share/turtlesim/cmake/turtlesimConfig-version.cmake
[16.016s] -- Installing: /home/student5/robotics/ROS_experiments/dev_ws/install/turtlesim/share/turtlesim/package.xml
[16.018s] Invoked command in '/home/student5/robotics/ROS_experiments/dev_ws/build/turtlesim' returned '0': CMAKE_PREFIX_PATH=/opt/ros/galactic /usr/bin/cmake --install /home/student5/robotics/ROS_experiments/dev_ws/build/turtlesim
