[0.185s] Invoking command in '/home/student5/robotics/ROS_experiments/dev_ws/src/learning_tf2_py': PYTHONPATH=/home/student5/robotics/ROS_experiments/dev_ws/install/learning_tf2_py/lib/python3.8/site-packages:/home/student5/robotics/ROS_experiments/dev_ws/install/turtlesim/lib/python3.8/site-packages:/home/student5/robotics/ROS_experiments/dev_ws/install/learning_tf2_py/lib/python3.8/site-packages:/home/student5/robotics/ROS_experiments/dev_ws/install/my_package_py/lib/python3.8/site-packages:/opt/ros/galactic/lib/python3.8/site-packages /usr/bin/python3 setup.py egg_info --egg-base ../../build/learning_tf2_py build --build-base /home/student5/robotics/ROS_experiments/dev_ws/build/learning_tf2_py/build install --prefix /home/student5/robotics/ROS_experiments/dev_ws/install/learning_tf2_py --record /home/student5/robotics/ROS_experiments/dev_ws/build/learning_tf2_py/install.log --single-version-externally-managed
[0.339s] running egg_info
[0.339s] writing ../../build/learning_tf2_py/learning_tf2_py.egg-info/PKG-INFO
[0.339s] writing dependency_links to ../../build/learning_tf2_py/learning_tf2_py.egg-info/dependency_links.txt
[0.339s] writing entry points to ../../build/learning_tf2_py/learning_tf2_py.egg-info/entry_points.txt
[0.340s] writing requirements to ../../build/learning_tf2_py/learning_tf2_py.egg-info/requires.txt
[0.340s] writing top-level names to ../../build/learning_tf2_py/learning_tf2_py.egg-info/top_level.txt
[0.363s] reading manifest file '../../build/learning_tf2_py/learning_tf2_py.egg-info/SOURCES.txt'
[0.364s] writing manifest file '../../build/learning_tf2_py/learning_tf2_py.egg-info/SOURCES.txt'
[0.364s] running build
[0.364s] running build_py
[0.364s] copying learning_tf2_py/turtle_tf2_broadcaster.py -> /home/student5/robotics/ROS_experiments/dev_ws/build/learning_tf2_py/build/lib/learning_tf2_py
[0.364s] running install
[0.365s] running install_lib
[0.365s] copying /home/student5/robotics/ROS_experiments/dev_ws/build/learning_tf2_py/build/lib/learning_tf2_py/turtle_tf2_broadcaster.py -> /home/student5/robotics/ROS_experiments/dev_ws/install/learning_tf2_py/lib/python3.8/site-packages/learning_tf2_py
[0.366s] byte-compiling /home/student5/robotics/ROS_experiments/dev_ws/install/learning_tf2_py/lib/python3.8/site-packages/learning_tf2_py/turtle_tf2_broadcaster.py to turtle_tf2_broadcaster.cpython-38.pyc
[0.367s] running install_data
[0.367s] copying package.xml -> /home/student5/robotics/ROS_experiments/dev_ws/install/learning_tf2_py/share/learning_tf2_py
[0.367s] creating /home/student5/robotics/ROS_experiments/dev_ws/install/learning_tf2_py/share/learning_tf2_py/launch
[0.367s] copying launch/turtle_tf2_demo.launch.py -> /home/student5/robotics/ROS_experiments/dev_ws/install/learning_tf2_py/share/learning_tf2_py/launch
[0.367s] running install_egg_info
[0.368s] removing '/home/student5/robotics/ROS_experiments/dev_ws/install/learning_tf2_py/lib/python3.8/site-packages/learning_tf2_py-0.0.0-py3.8.egg-info' (and everything under it)
[0.369s] Copying ../../build/learning_tf2_py/learning_tf2_py.egg-info to /home/student5/robotics/ROS_experiments/dev_ws/install/learning_tf2_py/lib/python3.8/site-packages/learning_tf2_py-0.0.0-py3.8.egg-info
[0.369s] running install_scripts
[0.381s] Installing static_turtle_tf2_broadcaster script to /home/student5/robotics/ROS_experiments/dev_ws/install/learning_tf2_py/lib/learning_tf2_py
[0.381s] Installing turtle_tf2_broadcaster script to /home/student5/robotics/ROS_experiments/dev_ws/install/learning_tf2_py/lib/learning_tf2_py
[0.381s] writing list of installed files to '/home/student5/robotics/ROS_experiments/dev_ws/build/learning_tf2_py/install.log'
[0.395s] Invoked command in '/home/student5/robotics/ROS_experiments/dev_ws/src/learning_tf2_py' returned '0': PYTHONPATH=/home/student5/robotics/ROS_experiments/dev_ws/install/learning_tf2_py/lib/python3.8/site-packages:/home/student5/robotics/ROS_experiments/dev_ws/install/turtlesim/lib/python3.8/site-packages:/home/student5/robotics/ROS_experiments/dev_ws/install/learning_tf2_py/lib/python3.8/site-packages:/home/student5/robotics/ROS_experiments/dev_ws/install/my_package_py/lib/python3.8/site-packages:/opt/ros/galactic/lib/python3.8/site-packages /usr/bin/python3 setup.py egg_info --egg-base ../../build/learning_tf2_py build --build-base /home/student5/robotics/ROS_experiments/dev_ws/build/learning_tf2_py/build install --prefix /home/student5/robotics/ROS_experiments/dev_ws/install/learning_tf2_py --record /home/student5/robotics/ROS_experiments/dev_ws/build/learning_tf2_py/install.log --single-version-externally-managed
