[0.205s] Invoking command in '/home/student5/robotics/ROS_experiments/dev_ws/src/my_package_py': PYTHONPATH=/home/student5/robotics/ROS_experiments/dev_ws/install/my_package_py/lib/python3.8/site-packages:${PYTHONPATH} /usr/bin/python3 setup.py egg_info --egg-base ../../build/my_package_py build --build-base /home/student5/robotics/ROS_experiments/dev_ws/build/my_package_py/build install --prefix /home/student5/robotics/ROS_experiments/dev_ws/install/my_package_py --record /home/student5/robotics/ROS_experiments/dev_ws/build/my_package_py/install.log --single-version-externally-managed
[0.386s] running egg_info
[0.386s] writing ../../build/my_package_py/my_package_py.egg-info/PKG-INFO
[0.386s] writing dependency_links to ../../build/my_package_py/my_package_py.egg-info/dependency_links.txt
[0.386s] writing entry points to ../../build/my_package_py/my_package_py.egg-info/entry_points.txt
[0.387s] writing requirements to ../../build/my_package_py/my_package_py.egg-info/requires.txt
[0.387s] writing top-level names to ../../build/my_package_py/my_package_py.egg-info/top_level.txt
[0.413s] reading manifest file '../../build/my_package_py/my_package_py.egg-info/SOURCES.txt'
[0.413s] writing manifest file '../../build/my_package_py/my_package_py.egg-info/SOURCES.txt'
[0.413s] running build
[0.413s] running build_py
[0.413s] running install
[0.414s] running install_lib
[0.415s] running install_data
[0.415s] running install_egg_info
[0.417s] removing '/home/student5/robotics/ROS_experiments/dev_ws/install/my_package_py/lib/python3.8/site-packages/my_package_py-0.0.0-py3.8.egg-info' (and everything under it)
[0.417s] Copying ../../build/my_package_py/my_package_py.egg-info to /home/student5/robotics/ROS_experiments/dev_ws/install/my_package_py/lib/python3.8/site-packages/my_package_py-0.0.0-py3.8.egg-info
[0.418s] running install_scripts
[0.430s] Installing my_node_py script to /home/student5/robotics/ROS_experiments/dev_ws/install/my_package_py/lib/my_package_py
[0.431s] writing list of installed files to '/home/student5/robotics/ROS_experiments/dev_ws/build/my_package_py/install.log'
[0.449s] Invoked command in '/home/student5/robotics/ROS_experiments/dev_ws/src/my_package_py' returned '0': PYTHONPATH=/home/student5/robotics/ROS_experiments/dev_ws/install/my_package_py/lib/python3.8/site-packages:${PYTHONPATH} /usr/bin/python3 setup.py egg_info --egg-base ../../build/my_package_py build --build-base /home/student5/robotics/ROS_experiments/dev_ws/build/my_package_py/build install --prefix /home/student5/robotics/ROS_experiments/dev_ws/install/my_package_py --record /home/student5/robotics/ROS_experiments/dev_ws/build/my_package_py/install.log --single-version-externally-managed
