[0.217s] DEBUG:colcon:Command line arguments: ['/usr/bin/colcon', 'build']
[0.217s] DEBUG:colcon:Parsed command line arguments: Namespace(ament_cmake_args=None, base_paths=['.'], build_base='build', catkin_cmake_args=None, catkin_skip_building_tests=False, cmake_args=None, cmake_clean_cache=False, cmake_clean_first=False, cmake_force_configure=False, cmake_target=None, cmake_target_skip_unavailable=False, continue_on_error=False, event_handlers=None, executor='parallel', ignore_user_meta=False, install_base='install', log_base=None, log_level=None, main=<bound method BuildVerb.main of <colcon_core.verb.build.BuildVerb object at 0x7f33733c1dc0>>, merge_install=False, metas=['./colcon.meta'], packages_above=None, packages_above_and_dependencies=None, packages_above_depth=None, packages_end=None, packages_ignore=None, packages_ignore_regex=None, packages_select=None, packages_select_build_failed=False, packages_select_by_dep=None, packages_select_regex=None, packages_select_test_failures=False, packages_skip=None, packages_skip_build_finished=False, packages_skip_by_dep=None, packages_skip_regex=None, packages_skip_test_passed=False, packages_skip_up_to=None, packages_start=None, packages_up_to=None, packages_up_to_regex=None, parallel_workers=12, paths=None, symlink_install=False, test_result_base=None, verb_extension=<colcon_core.verb.build.BuildVerb object at 0x7f33733c1dc0>, verb_name='build', verb_parser=<colcon_defaults.argument_parser.defaults.DefaultArgumentsDecorator object at 0x7f33734c69a0>)
[0.221s] Level 1:colcon.colcon_core.package_discovery:discover_packages(colcon_meta) check parameters
[0.221s] Level 1:colcon.colcon_core.package_discovery:discover_packages(recursive) check parameters
[0.221s] Level 1:colcon.colcon_core.package_discovery:discover_packages(ignore) check parameters
[0.221s] Level 1:colcon.colcon_core.package_discovery:discover_packages(path) check parameters
[0.221s] Level 1:colcon.colcon_core.package_discovery:discover_packages(colcon_meta) discover
[0.221s] Level 1:colcon.colcon_core.package_discovery:discover_packages(recursive) discover
[0.221s] INFO:colcon.colcon_core.package_discovery:Crawling recursively for packages in '/home/student5/robotics/ROS_experiments/dev_ws'
[0.221s] Level 1:colcon.colcon_core.package_identification:_identify(.) by extensions ['ignore', 'ignore_ament_install']
[0.221s] Level 1:colcon.colcon_core.package_identification:_identify(.) by extension 'ignore'
[0.221s] Level 1:colcon.colcon_core.package_identification:_identify(.) by extension 'ignore_ament_install'
[0.221s] Level 1:colcon.colcon_core.package_identification:_identify(.) by extensions ['colcon_pkg']
[0.221s] Level 1:colcon.colcon_core.package_identification:_identify(.) by extension 'colcon_pkg'
[0.221s] Level 1:colcon.colcon_core.package_identification:_identify(.) by extensions ['colcon_meta']
[0.221s] Level 1:colcon.colcon_core.package_identification:_identify(.) by extension 'colcon_meta'
[0.221s] Level 1:colcon.colcon_core.package_identification:_identify(.) by extensions ['ros']
[0.221s] Level 1:colcon.colcon_core.package_identification:_identify(.) by extension 'ros'
[0.229s] Level 1:colcon.colcon_core.package_identification:_identify(.) by extensions ['cmake', 'python']
[0.229s] Level 1:colcon.colcon_core.package_identification:_identify(.) by extension 'cmake'
[0.229s] Level 1:colcon.colcon_core.package_identification:_identify(.) by extension 'python'
[0.229s] Level 1:colcon.colcon_core.package_identification:_identify(.) by extensions ['python_setup_py']
[0.229s] Level 1:colcon.colcon_core.package_identification:_identify(.) by extension 'python_setup_py'
[0.229s] Level 1:colcon.colcon_core.package_identification:_identify(build) by extensions ['ignore', 'ignore_ament_install']
[0.229s] Level 1:colcon.colcon_core.package_identification:_identify(build) by extension 'ignore'
[0.230s] Level 1:colcon.colcon_core.package_identification:_identify(build) ignored
[0.230s] Level 1:colcon.colcon_core.package_identification:_identify(install) by extensions ['ignore', 'ignore_ament_install']
[0.230s] Level 1:colcon.colcon_core.package_identification:_identify(install) by extension 'ignore'
[0.230s] Level 1:colcon.colcon_core.package_identification:_identify(install) ignored
[0.230s] Level 1:colcon.colcon_core.package_identification:_identify(log) by extensions ['ignore', 'ignore_ament_install']
[0.230s] Level 1:colcon.colcon_core.package_identification:_identify(log) by extension 'ignore'
[0.230s] Level 1:colcon.colcon_core.package_identification:_identify(log) ignored
[0.230s] Level 1:colcon.colcon_core.package_identification:_identify(src) by extensions ['ignore', 'ignore_ament_install']
[0.230s] Level 1:colcon.colcon_core.package_identification:_identify(src) by extension 'ignore'
[0.230s] Level 1:colcon.colcon_core.package_identification:_identify(src) by extension 'ignore_ament_install'
[0.230s] Level 1:colcon.colcon_core.package_identification:_identify(src) by extensions ['colcon_pkg']
[0.230s] Level 1:colcon.colcon_core.package_identification:_identify(src) by extension 'colcon_pkg'
[0.230s] Level 1:colcon.colcon_core.package_identification:_identify(src) by extensions ['colcon_meta']
[0.230s] Level 1:colcon.colcon_core.package_identification:_identify(src) by extension 'colcon_meta'
[0.230s] Level 1:colcon.colcon_core.package_identification:_identify(src) by extensions ['ros']
[0.230s] Level 1:colcon.colcon_core.package_identification:_identify(src) by extension 'ros'
[0.230s] Level 1:colcon.colcon_core.package_identification:_identify(src) by extensions ['cmake', 'python']
[0.230s] Level 1:colcon.colcon_core.package_identification:_identify(src) by extension 'cmake'
[0.230s] Level 1:colcon.colcon_core.package_identification:_identify(src) by extension 'python'
[0.230s] Level 1:colcon.colcon_core.package_identification:_identify(src) by extensions ['python_setup_py']
[0.230s] Level 1:colcon.colcon_core.package_identification:_identify(src) by extension 'python_setup_py'
[0.230s] Level 1:colcon.colcon_core.package_identification:_identify(src/learning_tf2_py) by extensions ['ignore', 'ignore_ament_install']
[0.230s] Level 1:colcon.colcon_core.package_identification:_identify(src/learning_tf2_py) by extension 'ignore'
[0.231s] Level 1:colcon.colcon_core.package_identification:_identify(src/learning_tf2_py) by extension 'ignore_ament_install'
[0.231s] Level 1:colcon.colcon_core.package_identification:_identify(src/learning_tf2_py) by extensions ['colcon_pkg']
[0.231s] Level 1:colcon.colcon_core.package_identification:_identify(src/learning_tf2_py) by extension 'colcon_pkg'
[0.231s] Level 1:colcon.colcon_core.package_identification:_identify(src/learning_tf2_py) by extensions ['colcon_meta']
[0.231s] Level 1:colcon.colcon_core.package_identification:_identify(src/learning_tf2_py) by extension 'colcon_meta'
[0.231s] Level 1:colcon.colcon_core.package_identification:_identify(src/learning_tf2_py) by extensions ['ros']
[0.231s] Level 1:colcon.colcon_core.package_identification:_identify(src/learning_tf2_py) by extension 'ros'
[0.232s] DEBUG:colcon.colcon_core.package_identification:Package 'src/learning_tf2_py' with type 'ros.ament_python' and name 'learning_tf2_py'
[0.232s] Level 1:colcon.colcon_core.package_identification:_identify(src/my_package) by extensions ['ignore', 'ignore_ament_install']
[0.232s] Level 1:colcon.colcon_core.package_identification:_identify(src/my_package) by extension 'ignore'
[0.232s] Level 1:colcon.colcon_core.package_identification:_identify(src/my_package) by extension 'ignore_ament_install'
[0.232s] Level 1:colcon.colcon_core.package_identification:_identify(src/my_package) by extensions ['colcon_pkg']
[0.232s] Level 1:colcon.colcon_core.package_identification:_identify(src/my_package) by extension 'colcon_pkg'
[0.232s] Level 1:colcon.colcon_core.package_identification:_identify(src/my_package) by extensions ['colcon_meta']
[0.233s] Level 1:colcon.colcon_core.package_identification:_identify(src/my_package) by extension 'colcon_meta'
[0.233s] Level 1:colcon.colcon_core.package_identification:_identify(src/my_package) by extensions ['ros']
[0.233s] Level 1:colcon.colcon_core.package_identification:_identify(src/my_package) by extension 'ros'
[0.233s] DEBUG:colcon.colcon_core.package_identification:Package 'src/my_package' with type 'ros.ament_cmake' and name 'my_package'
[0.233s] Level 1:colcon.colcon_core.package_identification:_identify(src/my_package_py) by extensions ['ignore', 'ignore_ament_install']
[0.233s] Level 1:colcon.colcon_core.package_identification:_identify(src/my_package_py) by extension 'ignore'
[0.233s] Level 1:colcon.colcon_core.package_identification:_identify(src/my_package_py) by extension 'ignore_ament_install'
[0.233s] Level 1:colcon.colcon_core.package_identification:_identify(src/my_package_py) by extensions ['colcon_pkg']
[0.233s] Level 1:colcon.colcon_core.package_identification:_identify(src/my_package_py) by extension 'colcon_pkg'
[0.233s] Level 1:colcon.colcon_core.package_identification:_identify(src/my_package_py) by extensions ['colcon_meta']
[0.233s] Level 1:colcon.colcon_core.package_identification:_identify(src/my_package_py) by extension 'colcon_meta'
[0.233s] Level 1:colcon.colcon_core.package_identification:_identify(src/my_package_py) by extensions ['ros']
[0.233s] Level 1:colcon.colcon_core.package_identification:_identify(src/my_package_py) by extension 'ros'
[0.234s] DEBUG:colcon.colcon_core.package_identification:Package 'src/my_package_py' with type 'ros.ament_python' and name 'my_package_py'
[0.234s] Level 1:colcon.colcon_core.package_identification:_identify(src/ros_tutorials) by extensions ['ignore', 'ignore_ament_install']
[0.234s] Level 1:colcon.colcon_core.package_identification:_identify(src/ros_tutorials) by extension 'ignore'
[0.234s] Level 1:colcon.colcon_core.package_identification:_identify(src/ros_tutorials) by extension 'ignore_ament_install'
[0.234s] Level 1:colcon.colcon_core.package_identification:_identify(src/ros_tutorials) by extensions ['colcon_pkg']
[0.234s] Level 1:colcon.colcon_core.package_identification:_identify(src/ros_tutorials) by extension 'colcon_pkg'
[0.234s] Level 1:colcon.colcon_core.package_identification:_identify(src/ros_tutorials) by extensions ['colcon_meta']
[0.234s] Level 1:colcon.colcon_core.package_identification:_identify(src/ros_tutorials) by extension 'colcon_meta'
[0.234s] Level 1:colcon.colcon_core.package_identification:_identify(src/ros_tutorials) by extensions ['ros']
[0.234s] Level 1:colcon.colcon_core.package_identification:_identify(src/ros_tutorials) by extension 'ros'
[0.234s] Level 1:colcon.colcon_core.package_identification:_identify(src/ros_tutorials) by extensions ['cmake', 'python']
[0.234s] Level 1:colcon.colcon_core.package_identification:_identify(src/ros_tutorials) by extension 'cmake'
[0.234s] Level 1:colcon.colcon_core.package_identification:_identify(src/ros_tutorials) by extension 'python'
[0.234s] Level 1:colcon.colcon_core.package_identification:_identify(src/ros_tutorials) by extensions ['python_setup_py']
[0.234s] Level 1:colcon.colcon_core.package_identification:_identify(src/ros_tutorials) by extension 'python_setup_py'
[0.234s] Level 1:colcon.colcon_core.package_identification:_identify(src/ros_tutorials/ros_tutorials) by extensions ['ignore', 'ignore_ament_install']
[0.234s] Level 1:colcon.colcon_core.package_identification:_identify(src/ros_tutorials/ros_tutorials) by extension 'ignore'
[0.234s] Level 1:colcon.colcon_core.package_identification:_identify(src/ros_tutorials/ros_tutorials) ignored
[0.234s] Level 1:colcon.colcon_core.package_identification:_identify(src/ros_tutorials/roscpp_tutorials) by extensions ['ignore', 'ignore_ament_install']
[0.235s] Level 1:colcon.colcon_core.package_identification:_identify(src/ros_tutorials/roscpp_tutorials) by extension 'ignore'
[0.235s] Level 1:colcon.colcon_core.package_identification:_identify(src/ros_tutorials/roscpp_tutorials) ignored
[0.235s] Level 1:colcon.colcon_core.package_identification:_identify(src/ros_tutorials/rospy_tutorials) by extensions ['ignore', 'ignore_ament_install']
[0.235s] Level 1:colcon.colcon_core.package_identification:_identify(src/ros_tutorials/rospy_tutorials) by extension 'ignore'
[0.235s] Level 1:colcon.colcon_core.package_identification:_identify(src/ros_tutorials/rospy_tutorials) ignored
[0.235s] Level 1:colcon.colcon_core.package_identification:_identify(src/ros_tutorials/turtlesim) by extensions ['ignore', 'ignore_ament_install']
[0.235s] Level 1:colcon.colcon_core.package_identification:_identify(src/ros_tutorials/turtlesim) by extension 'ignore'
[0.235s] Level 1:colcon.colcon_core.package_identification:_identify(src/ros_tutorials/turtlesim) by extension 'ignore_ament_install'
[0.235s] Level 1:colcon.colcon_core.package_identification:_identify(src/ros_tutorials/turtlesim) by extensions ['colcon_pkg']
[0.235s] Level 1:colcon.colcon_core.package_identification:_identify(src/ros_tutorials/turtlesim) by extension 'colcon_pkg'
[0.235s] Level 1:colcon.colcon_core.package_identification:_identify(src/ros_tutorials/turtlesim) by extensions ['colcon_meta']
[0.235s] Level 1:colcon.colcon_core.package_identification:_identify(src/ros_tutorials/turtlesim) by extension 'colcon_meta'
[0.235s] Level 1:colcon.colcon_core.package_identification:_identify(src/ros_tutorials/turtlesim) by extensions ['ros']
[0.235s] Level 1:colcon.colcon_core.package_identification:_identify(src/ros_tutorials/turtlesim) by extension 'ros'
[0.236s] DEBUG:colcon.colcon_core.package_identification:Package 'src/ros_tutorials/turtlesim' with type 'ros.ament_cmake' and name 'turtlesim'
[0.236s] Level 1:colcon.colcon_core.package_discovery:discover_packages(recursive) using defaults
[0.236s] Level 1:colcon.colcon_core.package_discovery:discover_packages(ignore) discover
[0.236s] Level 1:colcon.colcon_core.package_discovery:discover_packages(ignore) using defaults
[0.236s] Level 1:colcon.colcon_core.package_discovery:discover_packages(path) discover
[0.236s] Level 1:colcon.colcon_core.package_discovery:discover_packages(path) using defaults
[0.249s] Level 5:colcon.colcon_core.verb:set package 'my_package' build argument 'cmake_args' from command line to 'None'
[0.249s] Level 5:colcon.colcon_core.verb:set package 'my_package' build argument 'cmake_target' from command line to 'None'
[0.249s] Level 5:colcon.colcon_core.verb:set package 'my_package' build argument 'cmake_target_skip_unavailable' from command line to 'False'
[0.249s] Level 5:colcon.colcon_core.verb:set package 'my_package' build argument 'cmake_clean_cache' from command line to 'False'
[0.249s] Level 5:colcon.colcon_core.verb:set package 'my_package' build argument 'cmake_clean_first' from command line to 'False'
[0.249s] Level 5:colcon.colcon_core.verb:set package 'my_package' build argument 'cmake_force_configure' from command line to 'False'
[0.249s] Level 5:colcon.colcon_core.verb:set package 'my_package' build argument 'ament_cmake_args' from command line to 'None'
[0.249s] Level 5:colcon.colcon_core.verb:set package 'my_package' build argument 'catkin_cmake_args' from command line to 'None'
[0.249s] Level 5:colcon.colcon_core.verb:set package 'my_package' build argument 'catkin_skip_building_tests' from command line to 'False'
[0.249s] DEBUG:colcon.colcon_core.verb:Building package 'my_package' with the following arguments: {'ament_cmake_args': None, 'build_base': '/home/student5/robotics/ROS_experiments/dev_ws/build/my_package', 'catkin_cmake_args': None, 'catkin_skip_building_tests': False, 'cmake_args': None, 'cmake_clean_cache': False, 'cmake_clean_first': False, 'cmake_force_configure': False, 'cmake_target': None, 'cmake_target_skip_unavailable': False, 'install_base': '/home/student5/robotics/ROS_experiments/dev_ws/install/my_package', 'merge_install': False, 'path': '/home/student5/robotics/ROS_experiments/dev_ws/src/my_package', 'symlink_install': False, 'test_result_base': None}
[0.251s] Level 5:colcon.colcon_core.verb:set package 'my_package_py' build argument 'cmake_args' from command line to 'None'
[0.251s] Level 5:colcon.colcon_core.verb:set package 'my_package_py' build argument 'cmake_target' from command line to 'None'
[0.251s] Level 5:colcon.colcon_core.verb:set package 'my_package_py' build argument 'cmake_target_skip_unavailable' from command line to 'False'
[0.251s] Level 5:colcon.colcon_core.verb:set package 'my_package_py' build argument 'cmake_clean_cache' from command line to 'False'
[0.251s] Level 5:colcon.colcon_core.verb:set package 'my_package_py' build argument 'cmake_clean_first' from command line to 'False'
[0.251s] Level 5:colcon.colcon_core.verb:set package 'my_package_py' build argument 'cmake_force_configure' from command line to 'False'
[0.251s] Level 5:colcon.colcon_core.verb:set package 'my_package_py' build argument 'ament_cmake_args' from command line to 'None'
[0.251s] Level 5:colcon.colcon_core.verb:set package 'my_package_py' build argument 'catkin_cmake_args' from command line to 'None'
[0.251s] Level 5:colcon.colcon_core.verb:set package 'my_package_py' build argument 'catkin_skip_building_tests' from command line to 'False'
[0.251s] DEBUG:colcon.colcon_core.verb:Building package 'my_package_py' with the following arguments: {'ament_cmake_args': None, 'build_base': '/home/student5/robotics/ROS_experiments/dev_ws/build/my_package_py', 'catkin_cmake_args': None, 'catkin_skip_building_tests': False, 'cmake_args': None, 'cmake_clean_cache': False, 'cmake_clean_first': False, 'cmake_force_configure': False, 'cmake_target': None, 'cmake_target_skip_unavailable': False, 'install_base': '/home/student5/robotics/ROS_experiments/dev_ws/install/my_package_py', 'merge_install': False, 'path': '/home/student5/robotics/ROS_experiments/dev_ws/src/my_package_py', 'symlink_install': False, 'test_result_base': None}
[0.253s] Level 5:colcon.colcon_core.verb:set package 'turtlesim' build argument 'cmake_args' from command line to 'None'
[0.253s] Level 5:colcon.colcon_core.verb:set package 'turtlesim' build argument 'cmake_target' from command line to 'None'
[0.253s] Level 5:colcon.colcon_core.verb:set package 'turtlesim' build argument 'cmake_target_skip_unavailable' from command line to 'False'
[0.253s] Level 5:colcon.colcon_core.verb:set package 'turtlesim' build argument 'cmake_clean_cache' from command line to 'False'
[0.253s] Level 5:colcon.colcon_core.verb:set package 'turtlesim' build argument 'cmake_clean_first' from command line to 'False'
[0.253s] Level 5:colcon.colcon_core.verb:set package 'turtlesim' build argument 'cmake_force_configure' from command line to 'False'
[0.253s] Level 5:colcon.colcon_core.verb:set package 'turtlesim' build argument 'ament_cmake_args' from command line to 'None'
[0.253s] Level 5:colcon.colcon_core.verb:set package 'turtlesim' build argument 'catkin_cmake_args' from command line to 'None'
[0.253s] Level 5:colcon.colcon_core.verb:set package 'turtlesim' build argument 'catkin_skip_building_tests' from command line to 'False'
[0.253s] DEBUG:colcon.colcon_core.verb:Building package 'turtlesim' with the following arguments: {'ament_cmake_args': None, 'build_base': '/home/student5/robotics/ROS_experiments/dev_ws/build/turtlesim', 'catkin_cmake_args': None, 'catkin_skip_building_tests': False, 'cmake_args': None, 'cmake_clean_cache': False, 'cmake_clean_first': False, 'cmake_force_configure': False, 'cmake_target': None, 'cmake_target_skip_unavailable': False, 'install_base': '/home/student5/robotics/ROS_experiments/dev_ws/install/turtlesim', 'merge_install': False, 'path': '/home/student5/robotics/ROS_experiments/dev_ws/src/ros_tutorials/turtlesim', 'symlink_install': False, 'test_result_base': None}
[0.255s] Level 5:colcon.colcon_core.verb:set package 'learning_tf2_py' build argument 'cmake_args' from command line to 'None'
[0.255s] Level 5:colcon.colcon_core.verb:set package 'learning_tf2_py' build argument 'cmake_target' from command line to 'None'
[0.255s] Level 5:colcon.colcon_core.verb:set package 'learning_tf2_py' build argument 'cmake_target_skip_unavailable' from command line to 'False'
[0.255s] Level 5:colcon.colcon_core.verb:set package 'learning_tf2_py' build argument 'cmake_clean_cache' from command line to 'False'
[0.255s] Level 5:colcon.colcon_core.verb:set package 'learning_tf2_py' build argument 'cmake_clean_first' from command line to 'False'
[0.255s] Level 5:colcon.colcon_core.verb:set package 'learning_tf2_py' build argument 'cmake_force_configure' from command line to 'False'
[0.255s] Level 5:colcon.colcon_core.verb:set package 'learning_tf2_py' build argument 'ament_cmake_args' from command line to 'None'
[0.255s] Level 5:colcon.colcon_core.verb:set package 'learning_tf2_py' build argument 'catkin_cmake_args' from command line to 'None'
[0.255s] Level 5:colcon.colcon_core.verb:set package 'learning_tf2_py' build argument 'catkin_skip_building_tests' from command line to 'False'
[0.255s] DEBUG:colcon.colcon_core.verb:Building package 'learning_tf2_py' with the following arguments: {'ament_cmake_args': None, 'build_base': '/home/student5/robotics/ROS_experiments/dev_ws/build/learning_tf2_py', 'catkin_cmake_args': None, 'catkin_skip_building_tests': False, 'cmake_args': None, 'cmake_clean_cache': False, 'cmake_clean_first': False, 'cmake_force_configure': False, 'cmake_target': None, 'cmake_target_skip_unavailable': False, 'install_base': '/home/student5/robotics/ROS_experiments/dev_ws/install/learning_tf2_py', 'merge_install': False, 'path': '/home/student5/robotics/ROS_experiments/dev_ws/src/learning_tf2_py', 'symlink_install': False, 'test_result_base': None}
[0.255s] INFO:colcon.colcon_core.executor:Executing jobs using 'parallel' executor
[0.256s] DEBUG:colcon.colcon_parallel_executor.executor.parallel:run_until_complete
[0.256s] INFO:colcon.colcon_ros.task.ament_cmake.build:Building ROS package in '/home/student5/robotics/ROS_experiments/dev_ws/src/ros_tutorials/turtlesim' with build type 'ament_cmake'
[0.257s] INFO:colcon.colcon_cmake.task.cmake.build:Building CMake package in '/home/student5/robotics/ROS_experiments/dev_ws/src/ros_tutorials/turtlesim'
[0.259s] INFO:colcon.colcon_core.plugin_system:Skipping extension 'colcon_core.shell.bat': Not used on non-Windows systems
[0.260s] INFO:colcon.colcon_core.shell:Skip shell extension 'powershell' for command environment: Not usable outside of PowerShell
[0.260s] DEBUG:colcon.colcon_core.shell:Skip shell extension 'dsv' for command environment
[0.261s] DEBUG:colcon.colcon_core.shell:Ignoring prefix path '/opt/ros/galactic'
[0.263s] INFO:colcon.colcon_ros.task.ament_cmake.build:Building ROS package in '/home/student5/robotics/ROS_experiments/dev_ws/src/my_package' with build type 'ament_cmake'
[0.263s] INFO:colcon.colcon_cmake.task.cmake.build:Building CMake package in '/home/student5/robotics/ROS_experiments/dev_ws/src/my_package'
[0.264s] INFO:colcon.colcon_core.shell:Skip shell extension 'powershell' for command environment: Not usable outside of PowerShell
[0.264s] DEBUG:colcon.colcon_core.shell:Skip shell extension 'dsv' for command environment
[0.266s] DEBUG:colcon.colcon_core.shell:Ignoring prefix path '/opt/ros/galactic'
[0.267s] INFO:colcon.colcon_ros.task.ament_python.build:Building ROS package in '/home/student5/robotics/ROS_experiments/dev_ws/src/my_package_py' with build type 'ament_python'
[0.267s] Level 1:colcon.colcon_core.shell:create_environment_hook('my_package_py', 'ament_prefix_path')
[0.268s] INFO:colcon.colcon_core.shell:Creating environment hook '/home/student5/robotics/ROS_experiments/dev_ws/install/my_package_py/share/my_package_py/hook/ament_prefix_path.ps1'
[0.269s] INFO:colcon.colcon_core.shell:Creating environment descriptor '/home/student5/robotics/ROS_experiments/dev_ws/install/my_package_py/share/my_package_py/hook/ament_prefix_path.dsv'
[0.269s] INFO:colcon.colcon_core.shell:Creating environment hook '/home/student5/robotics/ROS_experiments/dev_ws/install/my_package_py/share/my_package_py/hook/ament_prefix_path.sh'
[0.270s] INFO:colcon.colcon_core.shell:Skip shell extension 'powershell' for command environment: Not usable outside of PowerShell
[0.270s] DEBUG:colcon.colcon_core.shell:Skip shell extension 'dsv' for command environment
[0.271s] DEBUG:colcon.colcon_core.shell:Ignoring prefix path '/opt/ros/galactic'
[0.278s] DEBUG:colcon.colcon_core.event_handler.log_command:Invoking command in '/home/student5/robotics/ROS_experiments/dev_ws/build/turtlesim': CMAKE_PREFIX_PATH=${CMAKE_PREFIX_PATH}:/home/student5/robotics/ROS_experiments/dev_ws/install/learning_tf2_py:/home/student5/robotics/ROS_experiments/dev_ws/install/my_package_py:/opt/ros/galactic /usr/bin/cmake --build /home/student5/robotics/ROS_experiments/dev_ws/build/turtlesim -- -j12 -l12
[0.281s] DEBUG:colcon.colcon_core.event_handler.log_command:Invoking command in '/home/student5/robotics/ROS_experiments/dev_ws/build/my_package': CMAKE_PREFIX_PATH=${CMAKE_PREFIX_PATH}:/home/student5/robotics/ROS_experiments/dev_ws/install/learning_tf2_py:/home/student5/robotics/ROS_experiments/dev_ws/install/my_package_py:/opt/ros/galactic /usr/bin/cmake --build /home/student5/robotics/ROS_experiments/dev_ws/build/my_package -- -j12 -l12
[0.460s] INFO:colcon.colcon_core.task.python.build:Building Python package in '/home/student5/robotics/ROS_experiments/dev_ws/src/my_package_py'
[0.461s] INFO:colcon.colcon_core.shell:Skip shell extension 'powershell' for command environment: Not usable outside of PowerShell
[0.461s] DEBUG:colcon.colcon_core.shell:Skip shell extension 'dsv' for command environment
[0.463s] DEBUG:colcon.colcon_core.shell:Ignoring prefix path '/opt/ros/galactic'
[0.471s] DEBUG:colcon.colcon_core.event_handler.log_command:Invoked command in '/home/student5/robotics/ROS_experiments/dev_ws/build/my_package' returned '0': CMAKE_PREFIX_PATH=${CMAKE_PREFIX_PATH}:/home/student5/robotics/ROS_experiments/dev_ws/install/learning_tf2_py:/home/student5/robotics/ROS_experiments/dev_ws/install/my_package_py:/opt/ros/galactic /usr/bin/cmake --build /home/student5/robotics/ROS_experiments/dev_ws/build/my_package -- -j12 -l12
[0.472s] DEBUG:colcon.colcon_core.event_handler.log_command:Invoked command in '/home/student5/robotics/ROS_experiments/dev_ws/build/turtlesim' returned '0': CMAKE_PREFIX_PATH=${CMAKE_PREFIX_PATH}:/home/student5/robotics/ROS_experiments/dev_ws/install/learning_tf2_py:/home/student5/robotics/ROS_experiments/dev_ws/install/my_package_py:/opt/ros/galactic /usr/bin/cmake --build /home/student5/robotics/ROS_experiments/dev_ws/build/turtlesim -- -j12 -l12
[0.474s] DEBUG:colcon.colcon_core.event_handler.log_command:Invoking command in '/home/student5/robotics/ROS_experiments/dev_ws/src/my_package_py': PYTHONPATH=/home/student5/robotics/ROS_experiments/dev_ws/install/my_package_py/lib/python3.8/site-packages:${PYTHONPATH} /usr/bin/python3 setup.py egg_info --egg-base ../../build/my_package_py build --build-base /home/student5/robotics/ROS_experiments/dev_ws/build/my_package_py/build install --prefix /home/student5/robotics/ROS_experiments/dev_ws/install/my_package_py --record /home/student5/robotics/ROS_experiments/dev_ws/build/my_package_py/install.log --single-version-externally-managed
[0.491s] DEBUG:colcon.colcon_core.event_handler.log_command:Invoking command in '/home/student5/robotics/ROS_experiments/dev_ws/build/my_package': CMAKE_PREFIX_PATH=${CMAKE_PREFIX_PATH}:/home/student5/robotics/ROS_experiments/dev_ws/install/learning_tf2_py:/home/student5/robotics/ROS_experiments/dev_ws/install/my_package_py:/opt/ros/galactic /usr/bin/cmake --install /home/student5/robotics/ROS_experiments/dev_ws/build/my_package
[0.499s] Level 1:colcon.colcon_core.environment:create_environment_scripts_only(my_package)
[0.500s] DEBUG:colcon.colcon_core.event_handler.log_command:Invoked command in '/home/student5/robotics/ROS_experiments/dev_ws/build/my_package' returned '0': CMAKE_PREFIX_PATH=${CMAKE_PREFIX_PATH}:/home/student5/robotics/ROS_experiments/dev_ws/install/learning_tf2_py:/home/student5/robotics/ROS_experiments/dev_ws/install/my_package_py:/opt/ros/galactic /usr/bin/cmake --install /home/student5/robotics/ROS_experiments/dev_ws/build/my_package
[0.502s] Level 1:colcon.colcon_core.environment:checking '/home/student5/robotics/ROS_experiments/dev_ws/install/my_package' for CMake module files
[0.502s] Level 1:colcon.colcon_core.environment:checking '/home/student5/robotics/ROS_experiments/dev_ws/install/my_package' for CMake config files
[0.502s] Level 1:colcon.colcon_core.shell:create_environment_hook('my_package', 'cmake_prefix_path')
[0.503s] INFO:colcon.colcon_core.shell:Creating environment hook '/home/student5/robotics/ROS_experiments/dev_ws/install/my_package/share/my_package/hook/cmake_prefix_path.ps1'
[0.503s] INFO:colcon.colcon_core.shell:Creating environment descriptor '/home/student5/robotics/ROS_experiments/dev_ws/install/my_package/share/my_package/hook/cmake_prefix_path.dsv'
[0.503s] INFO:colcon.colcon_core.shell:Creating environment hook '/home/student5/robotics/ROS_experiments/dev_ws/install/my_package/share/my_package/hook/cmake_prefix_path.sh'
[0.504s] Level 1:colcon.colcon_core.environment:checking '/home/student5/robotics/ROS_experiments/dev_ws/install/my_package/lib'
[0.504s] Level 1:colcon.colcon_core.environment:checking '/home/student5/robotics/ROS_experiments/dev_ws/install/my_package/bin'
[0.504s] Level 1:colcon.colcon_core.environment:checking '/home/student5/robotics/ROS_experiments/dev_ws/install/my_package/lib/pkgconfig/my_package.pc'
[0.504s] Level 1:colcon.colcon_core.environment:checking '/home/student5/robotics/ROS_experiments/dev_ws/install/my_package/lib/python3.8/site-packages'
[0.505s] INFO:colcon.colcon_core.shell:Creating package script '/home/student5/robotics/ROS_experiments/dev_ws/install/my_package/share/my_package/package.ps1'
[0.505s] INFO:colcon.colcon_core.shell:Creating package descriptor '/home/student5/robotics/ROS_experiments/dev_ws/install/my_package/share/my_package/package.dsv'
[0.506s] INFO:colcon.colcon_core.shell:Creating package script '/home/student5/robotics/ROS_experiments/dev_ws/install/my_package/share/my_package/package.sh'
[0.506s] INFO:colcon.colcon_core.shell:Creating package script '/home/student5/robotics/ROS_experiments/dev_ws/install/my_package/share/my_package/package.bash'
[0.507s] INFO:colcon.colcon_core.shell:Creating package script '/home/student5/robotics/ROS_experiments/dev_ws/install/my_package/share/my_package/package.zsh'
[0.507s] Level 1:colcon.colcon_core.environment:create_file_with_runtime_dependencies(/home/student5/robotics/ROS_experiments/dev_ws/install/my_package/share/colcon-core/packages/my_package)
[0.523s] Level 1:colcon.colcon_core.environment:create_environment_scripts_only(my_package)
[0.524s] Level 1:colcon.colcon_core.environment:checking '/home/student5/robotics/ROS_experiments/dev_ws/install/my_package' for CMake module files
[0.524s] Level 1:colcon.colcon_core.environment:checking '/home/student5/robotics/ROS_experiments/dev_ws/install/my_package' for CMake config files
[0.524s] Level 1:colcon.colcon_core.shell:create_environment_hook('my_package', 'cmake_prefix_path')
[0.525s] INFO:colcon.colcon_core.shell:Creating environment hook '/home/student5/robotics/ROS_experiments/dev_ws/install/my_package/share/my_package/hook/cmake_prefix_path.ps1'
[0.525s] INFO:colcon.colcon_core.shell:Creating environment descriptor '/home/student5/robotics/ROS_experiments/dev_ws/install/my_package/share/my_package/hook/cmake_prefix_path.dsv'
[0.525s] INFO:colcon.colcon_core.shell:Creating environment hook '/home/student5/robotics/ROS_experiments/dev_ws/install/my_package/share/my_package/hook/cmake_prefix_path.sh'
[0.526s] Level 1:colcon.colcon_core.environment:checking '/home/student5/robotics/ROS_experiments/dev_ws/install/my_package/lib'
[0.526s] Level 1:colcon.colcon_core.environment:checking '/home/student5/robotics/ROS_experiments/dev_ws/install/my_package/bin'
[0.526s] Level 1:colcon.colcon_core.environment:checking '/home/student5/robotics/ROS_experiments/dev_ws/install/my_package/lib/pkgconfig/my_package.pc'
[0.526s] Level 1:colcon.colcon_core.environment:checking '/home/student5/robotics/ROS_experiments/dev_ws/install/my_package/lib/python3.8/site-packages'
[0.527s] INFO:colcon.colcon_core.shell:Creating package script '/home/student5/robotics/ROS_experiments/dev_ws/install/my_package/share/my_package/package.ps1'
[0.527s] INFO:colcon.colcon_core.shell:Creating package descriptor '/home/student5/robotics/ROS_experiments/dev_ws/install/my_package/share/my_package/package.dsv'
[0.527s] INFO:colcon.colcon_core.shell:Creating package script '/home/student5/robotics/ROS_experiments/dev_ws/install/my_package/share/my_package/package.sh'
[0.527s] INFO:colcon.colcon_core.shell:Creating package script '/home/student5/robotics/ROS_experiments/dev_ws/install/my_package/share/my_package/package.bash'
[0.528s] INFO:colcon.colcon_core.shell:Creating package script '/home/student5/robotics/ROS_experiments/dev_ws/install/my_package/share/my_package/package.zsh'
[0.528s] Level 1:colcon.colcon_core.environment:create_file_with_runtime_dependencies(/home/student5/robotics/ROS_experiments/dev_ws/install/my_package/share/colcon-core/packages/my_package)
[0.560s] DEBUG:colcon.colcon_core.event_handler.log_command:Invoking command in '/home/student5/robotics/ROS_experiments/dev_ws/build/turtlesim': CMAKE_PREFIX_PATH=${CMAKE_PREFIX_PATH}:/home/student5/robotics/ROS_experiments/dev_ws/install/learning_tf2_py:/home/student5/robotics/ROS_experiments/dev_ws/install/my_package_py:/opt/ros/galactic /usr/bin/cmake --install /home/student5/robotics/ROS_experiments/dev_ws/build/turtlesim
[0.603s] Level 1:colcon.colcon_core.environment:create_environment_scripts_only(turtlesim)
[0.603s] Level 1:colcon.colcon_core.environment:checking '/home/student5/robotics/ROS_experiments/dev_ws/install/turtlesim' for CMake module files
[0.604s] DEBUG:colcon.colcon_core.event_handler.log_command:Invoked command in '/home/student5/robotics/ROS_experiments/dev_ws/build/turtlesim' returned '0': CMAKE_PREFIX_PATH=${CMAKE_PREFIX_PATH}:/home/student5/robotics/ROS_experiments/dev_ws/install/learning_tf2_py:/home/student5/robotics/ROS_experiments/dev_ws/install/my_package_py:/opt/ros/galactic /usr/bin/cmake --install /home/student5/robotics/ROS_experiments/dev_ws/build/turtlesim
[0.604s] Level 1:colcon.colcon_core.environment:checking '/home/student5/robotics/ROS_experiments/dev_ws/install/turtlesim' for CMake config files
[0.605s] Level 1:colcon.colcon_core.shell:create_environment_hook('turtlesim', 'cmake_prefix_path')
[0.605s] INFO:colcon.colcon_core.shell:Creating environment hook '/home/student5/robotics/ROS_experiments/dev_ws/install/turtlesim/share/turtlesim/hook/cmake_prefix_path.ps1'
[0.605s] INFO:colcon.colcon_core.shell:Creating environment descriptor '/home/student5/robotics/ROS_experiments/dev_ws/install/turtlesim/share/turtlesim/hook/cmake_prefix_path.dsv'
[0.606s] INFO:colcon.colcon_core.shell:Creating environment hook '/home/student5/robotics/ROS_experiments/dev_ws/install/turtlesim/share/turtlesim/hook/cmake_prefix_path.sh'
[0.606s] Level 1:colcon.colcon_core.environment:checking '/home/student5/robotics/ROS_experiments/dev_ws/install/turtlesim/lib'
[0.606s] Level 1:colcon.colcon_core.shell:create_environment_hook('turtlesim', 'ld_library_path_lib')
[0.607s] INFO:colcon.colcon_core.shell:Creating environment hook '/home/student5/robotics/ROS_experiments/dev_ws/install/turtlesim/share/turtlesim/hook/ld_library_path_lib.ps1'
[0.607s] INFO:colcon.colcon_core.shell:Creating environment descriptor '/home/student5/robotics/ROS_experiments/dev_ws/install/turtlesim/share/turtlesim/hook/ld_library_path_lib.dsv'
[0.607s] INFO:colcon.colcon_core.shell:Creating environment hook '/home/student5/robotics/ROS_experiments/dev_ws/install/turtlesim/share/turtlesim/hook/ld_library_path_lib.sh'
[0.607s] Level 1:colcon.colcon_core.environment:checking '/home/student5/robotics/ROS_experiments/dev_ws/install/turtlesim/bin'
[0.607s] Level 1:colcon.colcon_core.environment:checking '/home/student5/robotics/ROS_experiments/dev_ws/install/turtlesim/lib/pkgconfig/turtlesim.pc'
[0.607s] Level 1:colcon.colcon_core.environment:checking '/home/student5/robotics/ROS_experiments/dev_ws/install/turtlesim/lib/python3.8/site-packages'
[0.608s] Level 1:colcon.colcon_core.shell:create_environment_hook('turtlesim', 'pythonpath')
[0.608s] INFO:colcon.colcon_core.shell:Creating environment hook '/home/student5/robotics/ROS_experiments/dev_ws/install/turtlesim/share/turtlesim/hook/pythonpath.ps1'
[0.608s] INFO:colcon.colcon_core.shell:Creating environment descriptor '/home/student5/robotics/ROS_experiments/dev_ws/install/turtlesim/share/turtlesim/hook/pythonpath.dsv'
[0.608s] INFO:colcon.colcon_core.shell:Creating environment hook '/home/student5/robotics/ROS_experiments/dev_ws/install/turtlesim/share/turtlesim/hook/pythonpath.sh'
[0.609s] INFO:colcon.colcon_core.shell:Creating package script '/home/student5/robotics/ROS_experiments/dev_ws/install/turtlesim/share/turtlesim/package.ps1'
[0.609s] INFO:colcon.colcon_core.shell:Creating package descriptor '/home/student5/robotics/ROS_experiments/dev_ws/install/turtlesim/share/turtlesim/package.dsv'
[0.610s] INFO:colcon.colcon_core.shell:Creating package script '/home/student5/robotics/ROS_experiments/dev_ws/install/turtlesim/share/turtlesim/package.sh'
[0.610s] INFO:colcon.colcon_core.shell:Creating package script '/home/student5/robotics/ROS_experiments/dev_ws/install/turtlesim/share/turtlesim/package.bash'
[0.610s] INFO:colcon.colcon_core.shell:Creating package script '/home/student5/robotics/ROS_experiments/dev_ws/install/turtlesim/share/turtlesim/package.zsh'
[0.611s] Level 1:colcon.colcon_core.environment:create_file_with_runtime_dependencies(/home/student5/robotics/ROS_experiments/dev_ws/install/turtlesim/share/colcon-core/packages/turtlesim)
[0.701s] Level 1:colcon.colcon_core.environment:create_environment_scripts_only(turtlesim)
[0.702s] Level 1:colcon.colcon_core.environment:checking '/home/student5/robotics/ROS_experiments/dev_ws/install/turtlesim' for CMake module files
[0.703s] Level 1:colcon.colcon_core.environment:checking '/home/student5/robotics/ROS_experiments/dev_ws/install/turtlesim' for CMake config files
[0.703s] Level 1:colcon.colcon_core.shell:create_environment_hook('turtlesim', 'cmake_prefix_path')
[0.704s] INFO:colcon.colcon_core.shell:Creating environment hook '/home/student5/robotics/ROS_experiments/dev_ws/install/turtlesim/share/turtlesim/hook/cmake_prefix_path.ps1'
[0.704s] INFO:colcon.colcon_core.shell:Creating environment descriptor '/home/student5/robotics/ROS_experiments/dev_ws/install/turtlesim/share/turtlesim/hook/cmake_prefix_path.dsv'
[0.704s] INFO:colcon.colcon_core.shell:Creating environment hook '/home/student5/robotics/ROS_experiments/dev_ws/install/turtlesim/share/turtlesim/hook/cmake_prefix_path.sh'
[0.705s] Level 1:colcon.colcon_core.environment:checking '/home/student5/robotics/ROS_experiments/dev_ws/install/turtlesim/lib'
[0.705s] Level 1:colcon.colcon_core.shell:create_environment_hook('turtlesim', 'ld_library_path_lib')
[0.705s] INFO:colcon.colcon_core.shell:Creating environment hook '/home/student5/robotics/ROS_experiments/dev_ws/install/turtlesim/share/turtlesim/hook/ld_library_path_lib.ps1'
[0.705s] INFO:colcon.colcon_core.shell:Creating environment descriptor '/home/student5/robotics/ROS_experiments/dev_ws/install/turtlesim/share/turtlesim/hook/ld_library_path_lib.dsv'
[0.706s] INFO:colcon.colcon_core.shell:Creating environment hook '/home/student5/robotics/ROS_experiments/dev_ws/install/turtlesim/share/turtlesim/hook/ld_library_path_lib.sh'
[0.706s] Level 1:colcon.colcon_core.environment:checking '/home/student5/robotics/ROS_experiments/dev_ws/install/turtlesim/bin'
[0.706s] Level 1:colcon.colcon_core.environment:checking '/home/student5/robotics/ROS_experiments/dev_ws/install/turtlesim/lib/pkgconfig/turtlesim.pc'
[0.706s] Level 1:colcon.colcon_core.environment:checking '/home/student5/robotics/ROS_experiments/dev_ws/install/turtlesim/lib/python3.8/site-packages'
[0.706s] Level 1:colcon.colcon_core.shell:create_environment_hook('turtlesim', 'pythonpath')
[0.706s] INFO:colcon.colcon_core.shell:Creating environment hook '/home/student5/robotics/ROS_experiments/dev_ws/install/turtlesim/share/turtlesim/hook/pythonpath.ps1'
[0.707s] INFO:colcon.colcon_core.shell:Creating environment descriptor '/home/student5/robotics/ROS_experiments/dev_ws/install/turtlesim/share/turtlesim/hook/pythonpath.dsv'
[0.707s] INFO:colcon.colcon_core.shell:Creating environment hook '/home/student5/robotics/ROS_experiments/dev_ws/install/turtlesim/share/turtlesim/hook/pythonpath.sh'
[0.708s] INFO:colcon.colcon_core.shell:Creating package script '/home/student5/robotics/ROS_experiments/dev_ws/install/turtlesim/share/turtlesim/package.ps1'
[0.708s] INFO:colcon.colcon_core.shell:Creating package descriptor '/home/student5/robotics/ROS_experiments/dev_ws/install/turtlesim/share/turtlesim/package.dsv'
[0.709s] INFO:colcon.colcon_core.shell:Creating package script '/home/student5/robotics/ROS_experiments/dev_ws/install/turtlesim/share/turtlesim/package.sh'
[0.709s] INFO:colcon.colcon_core.shell:Creating package script '/home/student5/robotics/ROS_experiments/dev_ws/install/turtlesim/share/turtlesim/package.bash'
[0.709s] INFO:colcon.colcon_core.shell:Creating package script '/home/student5/robotics/ROS_experiments/dev_ws/install/turtlesim/share/turtlesim/package.zsh'
[0.709s] Level 1:colcon.colcon_core.environment:create_file_with_runtime_dependencies(/home/student5/robotics/ROS_experiments/dev_ws/install/turtlesim/share/colcon-core/packages/turtlesim)
[0.710s] INFO:colcon.colcon_ros.task.ament_python.build:Building ROS package in '/home/student5/robotics/ROS_experiments/dev_ws/src/learning_tf2_py' with build type 'ament_python'
[0.710s] Level 1:colcon.colcon_core.shell:create_environment_hook('learning_tf2_py', 'ament_prefix_path')
[0.711s] INFO:colcon.colcon_core.shell:Creating environment hook '/home/student5/robotics/ROS_experiments/dev_ws/install/learning_tf2_py/share/learning_tf2_py/hook/ament_prefix_path.ps1'
[0.711s] INFO:colcon.colcon_core.shell:Creating environment descriptor '/home/student5/robotics/ROS_experiments/dev_ws/install/learning_tf2_py/share/learning_tf2_py/hook/ament_prefix_path.dsv'
[0.711s] INFO:colcon.colcon_core.shell:Creating environment hook '/home/student5/robotics/ROS_experiments/dev_ws/install/learning_tf2_py/share/learning_tf2_py/hook/ament_prefix_path.sh'
[0.712s] INFO:colcon.colcon_core.shell:Skip shell extension 'powershell' for command environment: Not usable outside of PowerShell
[0.712s] DEBUG:colcon.colcon_core.shell:Skip shell extension 'dsv' for command environment
[0.713s] DEBUG:colcon.colcon_core.shell:Ignoring prefix path '/opt/ros/galactic'
[0.716s] Level 1:colcon.colcon_core.environment:checking '/home/student5/robotics/ROS_experiments/dev_ws/install/my_package_py' for CMake module files
[0.717s] DEBUG:colcon.colcon_core.event_handler.log_command:Invoked command in '/home/student5/robotics/ROS_experiments/dev_ws/src/my_package_py' returned '0': PYTHONPATH=/home/student5/robotics/ROS_experiments/dev_ws/install/my_package_py/lib/python3.8/site-packages:${PYTHONPATH} /usr/bin/python3 setup.py egg_info --egg-base ../../build/my_package_py build --build-base /home/student5/robotics/ROS_experiments/dev_ws/build/my_package_py/build install --prefix /home/student5/robotics/ROS_experiments/dev_ws/install/my_package_py --record /home/student5/robotics/ROS_experiments/dev_ws/build/my_package_py/install.log --single-version-externally-managed
[0.717s] Level 1:colcon.colcon_core.environment:checking '/home/student5/robotics/ROS_experiments/dev_ws/install/my_package_py' for CMake config files
[0.718s] Level 1:colcon.colcon_core.environment:checking '/home/student5/robotics/ROS_experiments/dev_ws/install/my_package_py/lib'
[0.718s] Level 1:colcon.colcon_core.environment:checking '/home/student5/robotics/ROS_experiments/dev_ws/install/my_package_py/bin'
[0.718s] Level 1:colcon.colcon_core.environment:checking '/home/student5/robotics/ROS_experiments/dev_ws/install/my_package_py/lib/pkgconfig/my_package_py.pc'
[0.718s] Level 1:colcon.colcon_core.environment:checking '/home/student5/robotics/ROS_experiments/dev_ws/install/my_package_py/lib/python3.8/site-packages'
[0.718s] Level 1:colcon.colcon_core.shell:create_environment_hook('my_package_py', 'pythonpath')
[0.718s] INFO:colcon.colcon_core.shell:Creating environment hook '/home/student5/robotics/ROS_experiments/dev_ws/install/my_package_py/share/my_package_py/hook/pythonpath.ps1'
[0.719s] INFO:colcon.colcon_core.shell:Creating environment descriptor '/home/student5/robotics/ROS_experiments/dev_ws/install/my_package_py/share/my_package_py/hook/pythonpath.dsv'
[0.719s] INFO:colcon.colcon_core.shell:Creating environment hook '/home/student5/robotics/ROS_experiments/dev_ws/install/my_package_py/share/my_package_py/hook/pythonpath.sh'
[0.719s] Level 1:colcon.colcon_core.environment:create_environment_scripts_only(my_package_py)
[0.720s] INFO:colcon.colcon_core.shell:Creating package script '/home/student5/robotics/ROS_experiments/dev_ws/install/my_package_py/share/my_package_py/package.ps1'
[0.720s] INFO:colcon.colcon_core.shell:Creating package descriptor '/home/student5/robotics/ROS_experiments/dev_ws/install/my_package_py/share/my_package_py/package.dsv'
[0.720s] INFO:colcon.colcon_core.shell:Creating package script '/home/student5/robotics/ROS_experiments/dev_ws/install/my_package_py/share/my_package_py/package.sh'
[0.720s] INFO:colcon.colcon_core.shell:Creating package script '/home/student5/robotics/ROS_experiments/dev_ws/install/my_package_py/share/my_package_py/package.bash'
[0.721s] INFO:colcon.colcon_core.shell:Creating package script '/home/student5/robotics/ROS_experiments/dev_ws/install/my_package_py/share/my_package_py/package.zsh'
[0.721s] Level 1:colcon.colcon_core.environment:create_file_with_runtime_dependencies(/home/student5/robotics/ROS_experiments/dev_ws/install/my_package_py/share/colcon-core/packages/my_package_py)
[0.887s] INFO:colcon.colcon_core.task.python.build:Building Python package in '/home/student5/robotics/ROS_experiments/dev_ws/src/learning_tf2_py'
[0.888s] INFO:colcon.colcon_core.shell:Skip shell extension 'powershell' for command environment: Not usable outside of PowerShell
[0.888s] DEBUG:colcon.colcon_core.shell:Skip shell extension 'dsv' for command environment
[0.890s] DEBUG:colcon.colcon_core.shell:Ignoring prefix path '/opt/ros/galactic'
[0.896s] DEBUG:colcon.colcon_core.event_handler.log_command:Invoking command in '/home/student5/robotics/ROS_experiments/dev_ws/src/learning_tf2_py': PYTHONPATH=/home/student5/robotics/ROS_experiments/dev_ws/install/learning_tf2_py/lib/python3.8/site-packages:/home/student5/robotics/ROS_experiments/dev_ws/install/turtlesim/lib/python3.8/site-packages:/home/student5/robotics/ROS_experiments/dev_ws/install/learning_tf2_py/lib/python3.8/site-packages:/home/student5/robotics/ROS_experiments/dev_ws/install/my_package_py/lib/python3.8/site-packages:/opt/ros/galactic/lib/python3.8/site-packages /usr/bin/python3 setup.py egg_info --egg-base ../../build/learning_tf2_py build --build-base /home/student5/robotics/ROS_experiments/dev_ws/build/learning_tf2_py/build install --prefix /home/student5/robotics/ROS_experiments/dev_ws/install/learning_tf2_py --record /home/student5/robotics/ROS_experiments/dev_ws/build/learning_tf2_py/install.log --single-version-externally-managed
[1.105s] Level 1:colcon.colcon_core.environment:checking '/home/student5/robotics/ROS_experiments/dev_ws/install/learning_tf2_py' for CMake module files
[1.106s] DEBUG:colcon.colcon_core.event_handler.log_command:Invoked command in '/home/student5/robotics/ROS_experiments/dev_ws/src/learning_tf2_py' returned '0': PYTHONPATH=/home/student5/robotics/ROS_experiments/dev_ws/install/learning_tf2_py/lib/python3.8/site-packages:/home/student5/robotics/ROS_experiments/dev_ws/install/turtlesim/lib/python3.8/site-packages:/home/student5/robotics/ROS_experiments/dev_ws/install/learning_tf2_py/lib/python3.8/site-packages:/home/student5/robotics/ROS_experiments/dev_ws/install/my_package_py/lib/python3.8/site-packages:/opt/ros/galactic/lib/python3.8/site-packages /usr/bin/python3 setup.py egg_info --egg-base ../../build/learning_tf2_py build --build-base /home/student5/robotics/ROS_experiments/dev_ws/build/learning_tf2_py/build install --prefix /home/student5/robotics/ROS_experiments/dev_ws/install/learning_tf2_py --record /home/student5/robotics/ROS_experiments/dev_ws/build/learning_tf2_py/install.log --single-version-externally-managed
[1.106s] Level 1:colcon.colcon_core.environment:checking '/home/student5/robotics/ROS_experiments/dev_ws/install/learning_tf2_py' for CMake config files
[1.106s] Level 1:colcon.colcon_core.environment:checking '/home/student5/robotics/ROS_experiments/dev_ws/install/learning_tf2_py/lib'
[1.106s] Level 1:colcon.colcon_core.environment:checking '/home/student5/robotics/ROS_experiments/dev_ws/install/learning_tf2_py/bin'
[1.106s] Level 1:colcon.colcon_core.environment:checking '/home/student5/robotics/ROS_experiments/dev_ws/install/learning_tf2_py/lib/pkgconfig/learning_tf2_py.pc'
[1.106s] Level 1:colcon.colcon_core.environment:checking '/home/student5/robotics/ROS_experiments/dev_ws/install/learning_tf2_py/lib/python3.8/site-packages'
[1.106s] Level 1:colcon.colcon_core.shell:create_environment_hook('learning_tf2_py', 'pythonpath')
[1.107s] INFO:colcon.colcon_core.shell:Creating environment hook '/home/student5/robotics/ROS_experiments/dev_ws/install/learning_tf2_py/share/learning_tf2_py/hook/pythonpath.ps1'
[1.107s] INFO:colcon.colcon_core.shell:Creating environment descriptor '/home/student5/robotics/ROS_experiments/dev_ws/install/learning_tf2_py/share/learning_tf2_py/hook/pythonpath.dsv'
[1.108s] INFO:colcon.colcon_core.shell:Creating environment hook '/home/student5/robotics/ROS_experiments/dev_ws/install/learning_tf2_py/share/learning_tf2_py/hook/pythonpath.sh'
[1.108s] Level 1:colcon.colcon_core.environment:create_environment_scripts_only(learning_tf2_py)
[1.108s] INFO:colcon.colcon_core.shell:Creating package script '/home/student5/robotics/ROS_experiments/dev_ws/install/learning_tf2_py/share/learning_tf2_py/package.ps1'
[1.109s] INFO:colcon.colcon_core.shell:Creating package descriptor '/home/student5/robotics/ROS_experiments/dev_ws/install/learning_tf2_py/share/learning_tf2_py/package.dsv'
[1.109s] INFO:colcon.colcon_core.shell:Creating package script '/home/student5/robotics/ROS_experiments/dev_ws/install/learning_tf2_py/share/learning_tf2_py/package.sh'
[1.109s] INFO:colcon.colcon_core.shell:Creating package script '/home/student5/robotics/ROS_experiments/dev_ws/install/learning_tf2_py/share/learning_tf2_py/package.bash'
[1.109s] INFO:colcon.colcon_core.shell:Creating package script '/home/student5/robotics/ROS_experiments/dev_ws/install/learning_tf2_py/share/learning_tf2_py/package.zsh'
[1.110s] Level 1:colcon.colcon_core.environment:create_file_with_runtime_dependencies(/home/student5/robotics/ROS_experiments/dev_ws/install/learning_tf2_py/share/colcon-core/packages/learning_tf2_py)
[1.110s] DEBUG:colcon.colcon_parallel_executor.executor.parallel:closing loop
[1.110s] DEBUG:colcon.colcon_parallel_executor.executor.parallel:loop closed
[1.110s] DEBUG:colcon.colcon_parallel_executor.executor.parallel:run_until_complete finished with '0'
[1.110s] DEBUG:colcon.colcon_core.event_reactor:joining thread
[1.114s] INFO:colcon.colcon_core.plugin_system:Skipping extension 'colcon_notification.desktop_notification.terminal_notifier': Not used on non-Darwin systems
[1.115s] INFO:colcon.colcon_core.plugin_system:Skipping extension 'colcon_notification.desktop_notification.win32': Not used on non-Windows systems
[1.115s] INFO:colcon.colcon_notification.desktop_notification:Sending desktop notification using 'notify2'
[1.132s] DEBUG:colcon.colcon_core.event_reactor:joined thread
[1.133s] INFO:colcon.colcon_core.shell:Creating prefix script '/home/student5/robotics/ROS_experiments/dev_ws/install/local_setup.ps1'
[1.133s] INFO:colcon.colcon_core.shell:Creating prefix util module '/home/student5/robotics/ROS_experiments/dev_ws/install/_local_setup_util_ps1.py'
[1.134s] INFO:colcon.colcon_core.shell:Creating prefix chain script '/home/student5/robotics/ROS_experiments/dev_ws/install/setup.ps1'
[1.136s] INFO:colcon.colcon_core.shell:Creating prefix script '/home/student5/robotics/ROS_experiments/dev_ws/install/local_setup.sh'
[1.136s] INFO:colcon.colcon_core.shell:Creating prefix util module '/home/student5/robotics/ROS_experiments/dev_ws/install/_local_setup_util_sh.py'
[1.136s] INFO:colcon.colcon_core.shell:Creating prefix chain script '/home/student5/robotics/ROS_experiments/dev_ws/install/setup.sh'
[1.138s] INFO:colcon.colcon_core.shell:Creating prefix script '/home/student5/robotics/ROS_experiments/dev_ws/install/local_setup.bash'
[1.138s] INFO:colcon.colcon_core.shell:Creating prefix chain script '/home/student5/robotics/ROS_experiments/dev_ws/install/setup.bash'
[1.140s] INFO:colcon.colcon_core.shell:Creating prefix script '/home/student5/robotics/ROS_experiments/dev_ws/install/local_setup.zsh'
[1.140s] INFO:colcon.colcon_core.shell:Creating prefix chain script '/home/student5/robotics/ROS_experiments/dev_ws/install/setup.zsh'
