[0.021s] Invoking command in '/home/student5/robotics/ROS_experiments/dev_ws/build/my_package': CMAKE_PREFIX_PATH=${CMAKE_PREFIX_PATH}:/home/student5/robotics/ROS_experiments/dev_ws/install/my_package_py:/opt/ros/galactic /usr/bin/cmake --build /home/student5/robotics/ROS_experiments/dev_ws/build/my_package -- -j12 -l12
[0.201s] -- Found ament_cmake: 1.1.4 (/opt/ros/galactic/share/ament_cmake/cmake)
[0.201s] -- Using PYTHON_EXECUTABLE: /usr/bin/python3
[0.201s] -- Found ament_lint_auto: 0.10.6 (/opt/ros/galactic/share/ament_lint_auto/cmake)
[0.201s] -- Added test 'copyright' to check source files copyright and LICENSE
[0.201s] -- Added test 'cppcheck' to perform static code analysis on C / C++ code
[0.202s] -- Configured cppcheck include dirs: $<BUILD_INTERFACE:/home/student5/robotics/ROS_experiments/dev_ws/src/my_package/include>
[0.203s] -- Configured cppcheck exclude dirs and/or files: 
[0.203s] -- Added test 'cpplint' to check C / C++ code against the Google style
[0.204s] -- Configured cpplint exclude dirs and/or files: 
[0.204s] -- Added test 'lint_cmake' to check CMake code style
[0.205s] -- Added test 'uncrustify' to check C / C++ code style
[0.205s] -- Configured uncrustify additional arguments: 
[0.205s] -- Added test 'xmllint' to check XML markup files
[0.206s] -- Configuring done
[0.206s] -- Generating done
[0.206s] -- Build files have been written to: /home/student5/robotics/ROS_experiments/dev_ws/build/my_package
[0.206s] [100%] Built target my_node
[0.207s] Invoked command in '/home/student5/robotics/ROS_experiments/dev_ws/build/my_package' returned '0': CMAKE_PREFIX_PATH=${CMAKE_PREFIX_PATH}:/home/student5/robotics/ROS_experiments/dev_ws/install/my_package_py:/opt/ros/galactic /usr/bin/cmake --build /home/student5/robotics/ROS_experiments/dev_ws/build/my_package -- -j12 -l12
[0.224s] Invoking command in '/home/student5/robotics/ROS_experiments/dev_ws/build/my_package': CMAKE_PREFIX_PATH=${CMAKE_PREFIX_PATH}:/home/student5/robotics/ROS_experiments/dev_ws/install/my_package_py:/opt/ros/galactic /usr/bin/cmake --install /home/student5/robotics/ROS_experiments/dev_ws/build/my_package
[0.230s] -- Install configuration: ""
[0.230s] -- Up-to-date: /home/student5/robotics/ROS_experiments/dev_ws/install/my_package/lib/my_package/my_node
[0.230s] -- Up-to-date: /home/student5/robotics/ROS_experiments/dev_ws/install/my_package/share/ament_index/resource_index/package_run_dependencies/my_package
[0.230s] -- Installing: /home/student5/robotics/ROS_experiments/dev_ws/install/my_package/share/ament_index/resource_index/parent_prefix_path/my_package
[0.231s] -- Up-to-date: /home/student5/robotics/ROS_experiments/dev_ws/install/my_package/share/my_package/environment/ament_prefix_path.sh
[0.231s] -- Installing: /home/student5/robotics/ROS_experiments/dev_ws/install/my_package/share/my_package/environment/ament_prefix_path.dsv
[0.231s] -- Up-to-date: /home/student5/robotics/ROS_experiments/dev_ws/install/my_package/share/my_package/environment/path.sh
[0.231s] -- Installing: /home/student5/robotics/ROS_experiments/dev_ws/install/my_package/share/my_package/environment/path.dsv
[0.231s] -- Up-to-date: /home/student5/robotics/ROS_experiments/dev_ws/install/my_package/share/my_package/local_setup.bash
[0.231s] -- Up-to-date: /home/student5/robotics/ROS_experiments/dev_ws/install/my_package/share/my_package/local_setup.sh
[0.231s] -- Up-to-date: /home/student5/robotics/ROS_experiments/dev_ws/install/my_package/share/my_package/local_setup.zsh
[0.231s] -- Installing: /home/student5/robotics/ROS_experiments/dev_ws/install/my_package/share/my_package/local_setup.dsv
[0.231s] -- Installing: /home/student5/robotics/ROS_experiments/dev_ws/install/my_package/share/my_package/package.dsv
[0.231s] -- Up-to-date: /home/student5/robotics/ROS_experiments/dev_ws/install/my_package/share/ament_index/resource_index/packages/my_package
[0.231s] -- Up-to-date: /home/student5/robotics/ROS_experiments/dev_ws/install/my_package/share/my_package/cmake/my_packageConfig.cmake
[0.231s] -- Up-to-date: /home/student5/robotics/ROS_experiments/dev_ws/install/my_package/share/my_package/cmake/my_packageConfig-version.cmake
[0.231s] -- Installing: /home/student5/robotics/ROS_experiments/dev_ws/install/my_package/share/my_package/package.xml
[0.233s] Invoked command in '/home/student5/robotics/ROS_experiments/dev_ws/build/my_package' returned '0': CMAKE_PREFIX_PATH=${CMAKE_PREFIX_PATH}:/home/student5/robotics/ROS_experiments/dev_ws/install/my_package_py:/opt/ros/galactic /usr/bin/cmake --install /home/student5/robotics/ROS_experiments/dev_ws/build/my_package
