[0.019s] Invoking command in '/home/student5/robotics/ROS_experiments/dev_ws/build/my_package': CMAKE_PREFIX_PATH=${CMAKE_PREFIX_PATH}:/opt/ros/galactic /usr/bin/cmake /home/student5/robotics/ROS_experiments/dev_ws/src/my_package -DCMAKE_INSTALL_PREFIX=/home/student5/robotics/ROS_experiments/dev_ws/install/my_package
[0.201s] -- The C compiler identification is GNU 9.3.0
[0.201s] -- The CXX compiler identification is GNU 9.3.0
[0.201s] -- Check for working C compiler: /usr/bin/cc
[0.201s] -- Check for working C compiler: /usr/bin/cc -- works
[0.201s] -- Detecting C compiler ABI info
[0.202s] -- Detecting C compiler ABI info - done
[0.206s] -- Detecting C compile features
[0.206s] -- Detecting C compile features - done
[0.206s] -- Check for working CXX compiler: /usr/bin/c++
[0.266s] -- Check for working CXX compiler: /usr/bin/c++ -- works
[0.267s] -- Detecting CXX compiler ABI info
[0.326s] -- Detecting CXX compiler ABI info - done
[0.336s] -- Detecting CXX compile features
[0.336s] -- Detecting CXX compile features - done
[0.338s] -- Found ament_cmake: 1.1.4 (/opt/ros/galactic/share/ament_cmake/cmake)
[0.356s] -- Found PythonInterp: /usr/bin/python3 (found suitable version "3.8.10", minimum required is "3") 
[0.356s] -- Using PYTHON_EXECUTABLE: /usr/bin/python3
[0.413s] -- Found ament_lint_auto: 0.10.6 (/opt/ros/galactic/share/ament_lint_auto/cmake)
[0.467s] -- Added test 'copyright' to check source files copyright and LICENSE
[0.468s] -- Added test 'cppcheck' to perform static code analysis on C / C++ code
[0.468s] -- Configured cppcheck include dirs: $<BUILD_INTERFACE:/home/student5/robotics/ROS_experiments/dev_ws/src/my_package/include>
[0.468s] -- Configured cppcheck exclude dirs and/or files: 
[0.469s] -- Added test 'cpplint' to check C / C++ code against the Google style
[0.469s] -- Configured cpplint exclude dirs and/or files: 
[0.471s] -- Added test 'lint_cmake' to check CMake code style
[0.471s] -- Added test 'uncrustify' to check C / C++ code style
[0.472s] -- Configured uncrustify additional arguments: 
[0.472s] -- Added test 'xmllint' to check XML markup files
[0.473s] -- Configuring done
[0.474s] -- Generating done
[0.475s] -- Build files have been written to: /home/student5/robotics/ROS_experiments/dev_ws/build/my_package
[0.494s] Invoked command in '/home/student5/robotics/ROS_experiments/dev_ws/build/my_package' returned '0': CMAKE_PREFIX_PATH=${CMAKE_PREFIX_PATH}:/opt/ros/galactic /usr/bin/cmake /home/student5/robotics/ROS_experiments/dev_ws/src/my_package -DCMAKE_INSTALL_PREFIX=/home/student5/robotics/ROS_experiments/dev_ws/install/my_package
[0.495s] Invoking command in '/home/student5/robotics/ROS_experiments/dev_ws/build/my_package': CMAKE_PREFIX_PATH=${CMAKE_PREFIX_PATH}:/opt/ros/galactic /usr/bin/cmake --build /home/student5/robotics/ROS_experiments/dev_ws/build/my_package -- -j12 -l12
[0.513s] [35m[1mScanning dependencies of target my_node[0m
[0.521s] [ 50%] [32mBuilding CXX object CMakeFiles/my_node.dir/src/my_node.cpp.o[0m
[0.541s] [100%] [32m[1mLinking CXX executable my_node[0m
[0.572s] [100%] Built target my_node
[0.579s] Invoked command in '/home/student5/robotics/ROS_experiments/dev_ws/build/my_package' returned '0': CMAKE_PREFIX_PATH=${CMAKE_PREFIX_PATH}:/opt/ros/galactic /usr/bin/cmake --build /home/student5/robotics/ROS_experiments/dev_ws/build/my_package -- -j12 -l12
[0.595s] Invoking command in '/home/student5/robotics/ROS_experiments/dev_ws/build/my_package': CMAKE_PREFIX_PATH=${CMAKE_PREFIX_PATH}:/opt/ros/galactic /usr/bin/cmake --install /home/student5/robotics/ROS_experiments/dev_ws/build/my_package
[0.602s] -- Install configuration: ""
[0.602s] -- Installing: /home/student5/robotics/ROS_experiments/dev_ws/install/my_package/lib/my_package/my_node
[0.602s] -- Installing: /home/student5/robotics/ROS_experiments/dev_ws/install/my_package/share/ament_index/resource_index/package_run_dependencies/my_package
[0.602s] -- Installing: /home/student5/robotics/ROS_experiments/dev_ws/install/my_package/share/ament_index/resource_index/parent_prefix_path/my_package
[0.602s] -- Installing: /home/student5/robotics/ROS_experiments/dev_ws/install/my_package/share/my_package/environment/ament_prefix_path.sh
[0.602s] -- Installing: /home/student5/robotics/ROS_experiments/dev_ws/install/my_package/share/my_package/environment/ament_prefix_path.dsv
[0.602s] -- Installing: /home/student5/robotics/ROS_experiments/dev_ws/install/my_package/share/my_package/environment/path.sh
[0.602s] -- Installing: /home/student5/robotics/ROS_experiments/dev_ws/install/my_package/share/my_package/environment/path.dsv
[0.603s] -- Installing: /home/student5/robotics/ROS_experiments/dev_ws/install/my_package/share/my_package/local_setup.bash
[0.603s] -- Installing: /home/student5/robotics/ROS_experiments/dev_ws/install/my_package/share/my_package/local_setup.sh
[0.603s] -- Installing: /home/student5/robotics/ROS_experiments/dev_ws/install/my_package/share/my_package/local_setup.zsh
[0.603s] -- Installing: /home/student5/robotics/ROS_experiments/dev_ws/install/my_package/share/my_package/local_setup.dsv
[0.603s] -- Installing: /home/student5/robotics/ROS_experiments/dev_ws/install/my_package/share/my_package/package.dsv
[0.603s] -- Installing: /home/student5/robotics/ROS_experiments/dev_ws/install/my_package/share/ament_index/resource_index/packages/my_package
[0.603s] -- Installing: /home/student5/robotics/ROS_experiments/dev_ws/install/my_package/share/my_package/cmake/my_packageConfig.cmake
[0.603s] -- Installing: /home/student5/robotics/ROS_experiments/dev_ws/install/my_package/share/my_package/cmake/my_packageConfig-version.cmake
[0.603s] -- Installing: /home/student5/robotics/ROS_experiments/dev_ws/install/my_package/share/my_package/package.xml
[0.605s] Invoked command in '/home/student5/robotics/ROS_experiments/dev_ws/build/my_package' returned '0': CMAKE_PREFIX_PATH=${CMAKE_PREFIX_PATH}:/opt/ros/galactic /usr/bin/cmake --install /home/student5/robotics/ROS_experiments/dev_ws/build/my_package
